Loaded 100 files → 10000 pairs (0 already done, 10000 remaining)
/home/chaiyong.rag/quantization-clone-study/gguf/lib/python3.10/site-packages/huggingface_hub/utils/_validators.py:205: UserWarning: The `local_dir_use_symlinks` argument is deprecated and ignored in `hf_hub_download`. Downloading to a local directory does not use symlinks anymore.
  warnings.warn(
llama_context: n_ctx_seq (8192) < n_ctx_train (131072) -- the full capacity of the model will not be utilized
Model 'gguf' loaded. Starting inference...
[1/10000] 2026-06-07 14:36:11 | InfixConverter/0_orig vs InfixConverter/0_orig → CLONE
[2/10000] 2026-06-07 14:36:12 | InfixConverter/0_orig vs InfixConverter/1_artifice → CLONE
[3/10000] 2026-06-07 14:36:13 | InfixConverter/0_orig vs InfixConverter/test_0_orig_no_krakatau → CLONE
[4/10000] 2026-06-07 14:36:14 | InfixConverter/0_orig vs InfixConverter/test_0_orig_no_procyon → CLONE
[5/10000] 2026-06-07 14:36:15 | InfixConverter/0_orig vs InfixConverter/test_0_orig_pg_krakatau → CLONE
[6/10000] 2026-06-07 14:36:16 | InfixConverter/0_orig vs InfixConverter/test_0_orig_pg_procyon → CLONE
[7/10000] 2026-06-07 14:36:17 | InfixConverter/0_orig vs InfixConverter/test_1_artifice_no_krakatau → CLONE
[8/10000] 2026-06-07 14:36:18 | InfixConverter/0_orig vs InfixConverter/test_1_artifice_no_procyon → CLONE
[9/10000] 2026-06-07 14:36:19 | InfixConverter/0_orig vs InfixConverter/test_1_artifice_pg_krakatau → CLONE
[10/10000] 2026-06-07 14:36:20 | InfixConverter/0_orig vs InfixConverter/test_1_artifice_pg_procyon → CLONE
[11/10000] 2026-06-07 14:36:21 | InfixConverter/0_orig vs SqrtAlgorithm/0_orig → NON-CLONE
[12/10000] 2026-06-07 14:36:22 | InfixConverter/0_orig vs SqrtAlgorithm/1_artifice → NON-CLONE
[13/10000] 2026-06-07 14:36:24 | InfixConverter/0_orig vs SqrtAlgorithm/test_0_orig_no_krakatau → NON-CLONE
[14/10000] 2026-06-07 14:36:25 | InfixConverter/0_orig vs SqrtAlgorithm/test_0_orig_no_procyon → NON-CLONE
[15/10000] 2026-06-07 14:36:26 | InfixConverter/0_orig vs SqrtAlgorithm/test_0_orig_pg_krakatau → NON-CLONE
[16/10000] 2026-06-07 14:36:27 | InfixConverter/0_orig vs SqrtAlgorithm/test_0_orig_pg_procyon → NON-CLONE
[17/10000] 2026-06-07 14:36:28 | InfixConverter/0_orig vs SqrtAlgorithm/test_1_artifice_no_krakatau → NON-CLONE
[18/10000] 2026-06-07 14:36:30 | InfixConverter/0_orig vs SqrtAlgorithm/test_1_artifice_no_procyon → NON-CLONE
[19/10000] 2026-06-07 14:36:31 | InfixConverter/0_orig vs SqrtAlgorithm/test_1_artifice_pg_krakatau → NON-CLONE
[20/10000] 2026-06-07 14:36:32 | InfixConverter/0_orig vs SqrtAlgorithm/test_1_artifice_pg_procyon → NON-CLONE
[21/10000] 2026-06-07 14:36:33 | InfixConverter/0_orig vs bubblesort/0_orig → NON-CLONE
[22/10000] 2026-06-07 14:36:34 | InfixConverter/0_orig vs bubblesort/1_artifice → NON-CLONE
[23/10000] 2026-06-07 14:36:35 | InfixConverter/0_orig vs bubblesort/test_0_orig_no_krakatau → NON-CLONE
[24/10000] 2026-06-07 14:36:36 | InfixConverter/0_orig vs bubblesort/test_0_orig_no_procyon → NON-CLONE
[25/10000] 2026-06-07 14:36:37 | InfixConverter/0_orig vs bubblesort/test_0_orig_pg_krakatau → NON-CLONE
[26/10000] 2026-06-07 14:36:38 | InfixConverter/0_orig vs bubblesort/test_0_orig_pg_procyon → NON-CLONE
[27/10000] 2026-06-07 14:36:40 | InfixConverter/0_orig vs bubblesort/test_1_artifice_no_krakatau → NON-CLONE
[28/10000] 2026-06-07 14:36:41 | InfixConverter/0_orig vs bubblesort/test_1_artifice_no_procyon → NON-CLONE
[29/10000] 2026-06-07 14:36:42 | InfixConverter/0_orig vs bubblesort/test_1_artifice_pg_krakatau → NON-CLONE
[30/10000] 2026-06-07 14:36:43 | InfixConverter/0_orig vs bubblesort/test_1_artifice_pg_procyon → NON-CLONE
[31/10000] 2026-06-07 14:36:44 | InfixConverter/0_orig vs guessword/0_orig → NON-CLONE
[32/10000] 2026-06-07 14:36:46 | InfixConverter/0_orig vs guessword/1_artifice → NON-CLONE
[33/10000] 2026-06-07 14:36:48 | InfixConverter/0_orig vs guessword/test_0_orig_no_krakatau → NON-CLONE
[34/10000] 2026-06-07 14:36:49 | InfixConverter/0_orig vs guessword/test_0_orig_no_procyon → NON-CLONE
[35/10000] 2026-06-07 14:36:50 | InfixConverter/0_orig vs guessword/test_0_orig_pg_krakatau → NON-CLONE
[36/10000] 2026-06-07 14:36:52 | InfixConverter/0_orig vs guessword/test_0_orig_pg_procyon → NON-CLONE
[37/10000] 2026-06-07 14:36:53 | InfixConverter/0_orig vs guessword/test_1_artifice_no_krakatau → NON-CLONE
[38/10000] 2026-06-07 14:36:54 | InfixConverter/0_orig vs guessword/test_1_artifice_no_procyon → NON-CLONE
[39/10000] 2026-06-07 14:36:56 | InfixConverter/0_orig vs guessword/test_1_artifice_pg_krakatau → NON-CLONE
[40/10000] 2026-06-07 14:36:57 | InfixConverter/0_orig vs guessword/test_1_artifice_pg_procyon → NON-CLONE
[41/10000] 2026-06-07 14:36:58 | InfixConverter/0_orig vs hanoi/0_orig → NON-CLONE
[42/10000] 2026-06-07 14:37:00 | InfixConverter/0_orig vs hanoi/1_artifice → NON-CLONE
[43/10000] 2026-06-07 14:37:01 | InfixConverter/0_orig vs hanoi/test_0_orig_no_krakatau → NON-CLONE
[44/10000] 2026-06-07 14:37:02 | InfixConverter/0_orig vs hanoi/test_0_orig_no_procyon → NON-CLONE
[45/10000] 2026-06-07 14:37:04 | InfixConverter/0_orig vs hanoi/test_0_orig_pg_krakatau → NON-CLONE
[46/10000] 2026-06-07 14:37:06 | InfixConverter/0_orig vs hanoi/test_0_orig_pg_procyon → NON-CLONE
[47/10000] 2026-06-07 14:37:07 | InfixConverter/0_orig vs hanoi/test_1_artifice_no_krakatau → NON-CLONE
[48/10000] 2026-06-07 14:37:09 | InfixConverter/0_orig vs hanoi/test_1_artifice_no_procyon → NON-CLONE
[49/10000] 2026-06-07 14:37:10 | InfixConverter/0_orig vs hanoi/test_1_artifice_pg_krakatau → NON-CLONE
[50/10000] 2026-06-07 14:37:12 | InfixConverter/0_orig vs hanoi/test_1_artifice_pg_procyon → NON-CLONE
[51/10000] 2026-06-07 14:37:13 | InfixConverter/0_orig vs kaprekar/0_orig → NON-CLONE
[52/10000] 2026-06-07 14:37:14 | InfixConverter/0_orig vs kaprekar/1_artifice → NON-CLONE
[53/10000] 2026-06-07 14:37:15 | InfixConverter/0_orig vs kaprekar/test_0_orig_no_krakatau → NON-CLONE
[54/10000] 2026-06-07 14:37:16 | InfixConverter/0_orig vs kaprekar/test_0_orig_no_procyon → NON-CLONE
[55/10000] 2026-06-07 14:37:18 | InfixConverter/0_orig vs kaprekar/test_0_orig_pg_krakatau → NON-CLONE
[56/10000] 2026-06-07 14:37:19 | InfixConverter/0_orig vs kaprekar/test_0_orig_pg_procyon → NON-CLONE
[57/10000] 2026-06-07 14:37:20 | InfixConverter/0_orig vs kaprekar/test_1_artifice_no_krakatau → NON-CLONE
[58/10000] 2026-06-07 14:37:21 | InfixConverter/0_orig vs kaprekar/test_1_artifice_no_procyon → NON-CLONE
[59/10000] 2026-06-07 14:37:23 | InfixConverter/0_orig vs kaprekar/test_1_artifice_pg_krakatau → NON-CLONE
[60/10000] 2026-06-07 14:37:24 | InfixConverter/0_orig vs kaprekar/test_1_artifice_pg_procyon → NON-CLONE
[61/10000] 2026-06-07 14:37:25 | InfixConverter/0_orig vs queens/0_orig → NON-CLONE
[62/10000] 2026-06-07 14:37:26 | InfixConverter/0_orig vs queens/1_artifice → NON-CLONE
[63/10000] 2026-06-07 14:37:27 | InfixConverter/0_orig vs queens/test_0_orig_no_krakatau → NON-CLONE
[64/10000] 2026-06-07 14:37:28 | InfixConverter/0_orig vs queens/test_0_orig_no_procyon → NON-CLONE
[65/10000] 2026-06-07 14:37:29 | InfixConverter/0_orig vs queens/test_0_orig_pg_krakatau → NON-CLONE
[66/10000] 2026-06-07 14:37:31 | InfixConverter/0_orig vs queens/test_0_orig_pg_procyon → NON-CLONE
[67/10000] 2026-06-07 14:37:32 | InfixConverter/0_orig vs queens/test_1_artifice_no_krakatau → NON-CLONE
[68/10000] 2026-06-07 14:37:33 | InfixConverter/0_orig vs queens/test_1_artifice_no_procyon → NON-CLONE
[69/10000] 2026-06-07 14:37:35 | InfixConverter/0_orig vs queens/test_1_artifice_pg_krakatau → NON-CLONE
[70/10000] 2026-06-07 14:37:36 | InfixConverter/0_orig vs queens/test_1_artifice_pg_procyon → NON-CLONE
[71/10000] 2026-06-07 14:37:37 | InfixConverter/0_orig vs railroadcar/0_orig → NON-CLONE
[72/10000] 2026-06-07 14:37:38 | InfixConverter/0_orig vs railroadcar/1_artifice → NON-CLONE
[73/10000] 2026-06-07 14:37:39 | InfixConverter/0_orig vs railroadcar/test_0_orig_no_krakatau → NON-CLONE
[74/10000] 2026-06-07 14:37:41 | InfixConverter/0_orig vs railroadcar/test_0_orig_no_procyon → NON-CLONE
[75/10000] 2026-06-07 14:37:42 | InfixConverter/0_orig vs railroadcar/test_0_orig_pg_krakatau → NON-CLONE
[76/10000] 2026-06-07 14:37:43 | InfixConverter/0_orig vs railroadcar/test_0_orig_pg_procyon → NON-CLONE
[77/10000] 2026-06-07 14:37:44 | InfixConverter/0_orig vs railroadcar/test_1_artifice_no_krakatau → NON-CLONE
[78/10000] 2026-06-07 14:37:46 | InfixConverter/0_orig vs railroadcar/test_1_artifice_no_procyon → NON-CLONE
[79/10000] 2026-06-07 14:37:47 | InfixConverter/0_orig vs railroadcar/test_1_artifice_pg_krakatau → NON-CLONE
[80/10000] 2026-06-07 14:37:49 | InfixConverter/0_orig vs railroadcar/test_1_artifice_pg_procyon → NON-CLONE
[81/10000] 2026-06-07 14:37:50 | InfixConverter/0_orig vs slinkedlist/0_orig → NON-CLONE
[82/10000] 2026-06-07 14:37:51 | InfixConverter/0_orig vs slinkedlist/1_artifice → NON-CLONE
[83/10000] 2026-06-07 14:37:52 | InfixConverter/0_orig vs slinkedlist/test_0_orig_no_krakatau → NON-CLONE
[84/10000] 2026-06-07 14:37:53 | InfixConverter/0_orig vs slinkedlist/test_0_orig_no_procyon → NON-CLONE
[85/10000] 2026-06-07 14:37:55 | InfixConverter/0_orig vs slinkedlist/test_0_orig_pg_krakatau → NON-CLONE
[86/10000] 2026-06-07 14:37:56 | InfixConverter/0_orig vs slinkedlist/test_0_orig_pg_procyon → NON-CLONE
[87/10000] 2026-06-07 14:37:57 | InfixConverter/0_orig vs slinkedlist/test_1_artifice_no_krakatau → NON-CLONE
[88/10000] 2026-06-07 14:37:58 | InfixConverter/0_orig vs slinkedlist/test_1_artifice_no_procyon → NON-CLONE
[89/10000] 2026-06-07 14:37:59 | InfixConverter/0_orig vs slinkedlist/test_1_artifice_pg_krakatau → NON-CLONE
[90/10000] 2026-06-07 14:38:00 | InfixConverter/0_orig vs slinkedlist/test_1_artifice_pg_procyon → NON-CLONE
[91/10000] 2026-06-07 14:38:01 | InfixConverter/0_orig vs square/0_orig → NON-CLONE
[92/10000] 2026-06-07 14:38:02 | InfixConverter/0_orig vs square/1_artifice → NON-CLONE
[93/10000] 2026-06-07 14:38:04 | InfixConverter/0_orig vs square/test_0_orig_no_krakatau → NON-CLONE
[94/10000] 2026-06-07 14:38:05 | InfixConverter/0_orig vs square/test_0_orig_no_procyon → NON-CLONE
[95/10000] 2026-06-07 14:38:06 | InfixConverter/0_orig vs square/test_0_orig_pg_krakatau → NON-CLONE
[96/10000] 2026-06-07 14:38:07 | InfixConverter/0_orig vs square/test_0_orig_pg_procyon → NON-CLONE
[97/10000] 2026-06-07 14:38:08 | InfixConverter/0_orig vs square/test_1_artifice_no_krakatau → NON-CLONE
[98/10000] 2026-06-07 14:38:10 | InfixConverter/0_orig vs square/test_1_artifice_no_procyon → NON-CLONE
[99/10000] 2026-06-07 14:38:11 | InfixConverter/0_orig vs square/test_1_artifice_pg_krakatau → NON-CLONE
[100/10000] 2026-06-07 14:38:12 | InfixConverter/0_orig vs square/test_1_artifice_pg_procyon → NON-CLONE
[101/10000] 2026-06-07 14:38:13 | InfixConverter/1_artifice vs InfixConverter/0_orig → CLONE
[102/10000] 2026-06-07 14:38:15 | InfixConverter/1_artifice vs InfixConverter/1_artifice → CLONE
[103/10000] 2026-06-07 14:38:16 | InfixConverter/1_artifice vs InfixConverter/test_0_orig_no_krakatau → CLONE
[104/10000] 2026-06-07 14:38:18 | InfixConverter/1_artifice vs InfixConverter/test_0_orig_no_procyon → CLONE
[105/10000] 2026-06-07 14:38:19 | InfixConverter/1_artifice vs InfixConverter/test_0_orig_pg_krakatau → CLONE
[106/10000] 2026-06-07 14:38:20 | InfixConverter/1_artifice vs InfixConverter/test_0_orig_pg_procyon → CLONE
[107/10000] 2026-06-07 14:38:22 | InfixConverter/1_artifice vs InfixConverter/test_1_artifice_no_krakatau → CLONE
[108/10000] 2026-06-07 14:38:23 | InfixConverter/1_artifice vs InfixConverter/test_1_artifice_no_procyon → CLONE
[109/10000] 2026-06-07 14:38:24 | InfixConverter/1_artifice vs InfixConverter/test_1_artifice_pg_krakatau → CLONE
[110/10000] 2026-06-07 14:38:26 | InfixConverter/1_artifice vs InfixConverter/test_1_artifice_pg_procyon → CLONE
[111/10000] 2026-06-07 14:38:27 | InfixConverter/1_artifice vs SqrtAlgorithm/0_orig → NON-CLONE
[112/10000] 2026-06-07 14:38:28 | InfixConverter/1_artifice vs SqrtAlgorithm/1_artifice → NON-CLONE
[113/10000] 2026-06-07 14:38:30 | InfixConverter/1_artifice vs SqrtAlgorithm/test_0_orig_no_krakatau → NON-CLONE
[114/10000] 2026-06-07 14:38:31 | InfixConverter/1_artifice vs SqrtAlgorithm/test_0_orig_no_procyon → NON-CLONE
[115/10000] 2026-06-07 14:38:32 | InfixConverter/1_artifice vs SqrtAlgorithm/test_0_orig_pg_krakatau → NON-CLONE
[116/10000] 2026-06-07 14:38:33 | InfixConverter/1_artifice vs SqrtAlgorithm/test_0_orig_pg_procyon → NON-CLONE
[117/10000] 2026-06-07 14:38:34 | InfixConverter/1_artifice vs SqrtAlgorithm/test_1_artifice_no_krakatau → NON-CLONE
[118/10000] 2026-06-07 14:38:36 | InfixConverter/1_artifice vs SqrtAlgorithm/test_1_artifice_no_procyon → NON-CLONE
[119/10000] 2026-06-07 14:38:37 | InfixConverter/1_artifice vs SqrtAlgorithm/test_1_artifice_pg_krakatau → NON-CLONE
[120/10000] 2026-06-07 14:38:39 | InfixConverter/1_artifice vs SqrtAlgorithm/test_1_artifice_pg_procyon → NON-CLONE
[121/10000] 2026-06-07 14:38:40 | InfixConverter/1_artifice vs bubblesort/0_orig → NON-CLONE
[122/10000] 2026-06-07 14:38:41 | InfixConverter/1_artifice vs bubblesort/1_artifice → NON-CLONE
[123/10000] 2026-06-07 14:38:42 | InfixConverter/1_artifice vs bubblesort/test_0_orig_no_krakatau → NON-CLONE
[124/10000] 2026-06-07 14:38:43 | InfixConverter/1_artifice vs bubblesort/test_0_orig_no_procyon → NON-CLONE
[125/10000] 2026-06-07 14:38:44 | InfixConverter/1_artifice vs bubblesort/test_0_orig_pg_krakatau → NON-CLONE
[126/10000] 2026-06-07 14:38:45 | InfixConverter/1_artifice vs bubblesort/test_0_orig_pg_procyon → NON-CLONE
[127/10000] 2026-06-07 14:38:46 | InfixConverter/1_artifice vs bubblesort/test_1_artifice_no_krakatau → NON-CLONE
[128/10000] 2026-06-07 14:38:47 | InfixConverter/1_artifice vs bubblesort/test_1_artifice_no_procyon → NON-CLONE
[129/10000] 2026-06-07 14:38:48 | InfixConverter/1_artifice vs bubblesort/test_1_artifice_pg_krakatau → NON-CLONE
[130/10000] 2026-06-07 14:38:49 | InfixConverter/1_artifice vs bubblesort/test_1_artifice_pg_procyon → NON-CLONE
[131/10000] 2026-06-07 14:38:51 | InfixConverter/1_artifice vs guessword/0_orig → NON-CLONE
[132/10000] 2026-06-07 14:38:52 | InfixConverter/1_artifice vs guessword/1_artifice → NON-CLONE
[133/10000] 2026-06-07 14:38:53 | InfixConverter/1_artifice vs guessword/test_0_orig_no_krakatau → NON-CLONE
[134/10000] 2026-06-07 14:38:54 | InfixConverter/1_artifice vs guessword/test_0_orig_no_procyon → NON-CLONE
[135/10000] 2026-06-07 14:38:56 | InfixConverter/1_artifice vs guessword/test_0_orig_pg_krakatau → NON-CLONE
[136/10000] 2026-06-07 14:38:57 | InfixConverter/1_artifice vs guessword/test_0_orig_pg_procyon → NON-CLONE
[137/10000] 2026-06-07 14:38:59 | InfixConverter/1_artifice vs guessword/test_1_artifice_no_krakatau → NON-CLONE
[138/10000] 2026-06-07 14:39:00 | InfixConverter/1_artifice vs guessword/test_1_artifice_no_procyon → NON-CLONE
[139/10000] 2026-06-07 14:39:01 | InfixConverter/1_artifice vs guessword/test_1_artifice_pg_krakatau → NON-CLONE
[140/10000] 2026-06-07 14:39:03 | InfixConverter/1_artifice vs guessword/test_1_artifice_pg_procyon → NON-CLONE
[141/10000] 2026-06-07 14:39:04 | InfixConverter/1_artifice vs hanoi/0_orig → NON-CLONE
[142/10000] 2026-06-07 14:39:06 | InfixConverter/1_artifice vs hanoi/1_artifice → NON-CLONE
[143/10000] 2026-06-07 14:39:08 | InfixConverter/1_artifice vs hanoi/test_0_orig_no_krakatau → NON-CLONE
[144/10000] 2026-06-07 14:39:09 | InfixConverter/1_artifice vs hanoi/test_0_orig_no_procyon → NON-CLONE
[145/10000] 2026-06-07 14:39:11 | InfixConverter/1_artifice vs hanoi/test_0_orig_pg_krakatau → NON-CLONE
[146/10000] 2026-06-07 14:39:12 | InfixConverter/1_artifice vs hanoi/test_0_orig_pg_procyon → NON-CLONE
[147/10000] 2026-06-07 14:39:13 | InfixConverter/1_artifice vs hanoi/test_1_artifice_no_krakatau → NON-CLONE
[148/10000] 2026-06-07 14:39:15 | InfixConverter/1_artifice vs hanoi/test_1_artifice_no_procyon → NON-CLONE
[149/10000] 2026-06-07 14:39:16 | InfixConverter/1_artifice vs hanoi/test_1_artifice_pg_krakatau → NON-CLONE
[150/10000] 2026-06-07 14:39:18 | InfixConverter/1_artifice vs hanoi/test_1_artifice_pg_procyon → NON-CLONE
[151/10000] 2026-06-07 14:39:19 | InfixConverter/1_artifice vs kaprekar/0_orig → NON-CLONE
[152/10000] 2026-06-07 14:39:21 | InfixConverter/1_artifice vs kaprekar/1_artifice → NON-CLONE
[153/10000] 2026-06-07 14:39:22 | InfixConverter/1_artifice vs kaprekar/test_0_orig_no_krakatau → NON-CLONE
[154/10000] 2026-06-07 14:39:23 | InfixConverter/1_artifice vs kaprekar/test_0_orig_no_procyon → NON-CLONE
[155/10000] 2026-06-07 14:39:25 | InfixConverter/1_artifice vs kaprekar/test_0_orig_pg_krakatau → NON-CLONE
[156/10000] 2026-06-07 14:39:26 | InfixConverter/1_artifice vs kaprekar/test_0_orig_pg_procyon → NON-CLONE
[157/10000] 2026-06-07 14:39:27 | InfixConverter/1_artifice vs kaprekar/test_1_artifice_no_krakatau → NON-CLONE
[158/10000] 2026-06-07 14:39:29 | InfixConverter/1_artifice vs kaprekar/test_1_artifice_no_procyon → NON-CLONE
[159/10000] 2026-06-07 14:39:31 | InfixConverter/1_artifice vs kaprekar/test_1_artifice_pg_krakatau → NON-CLONE
[160/10000] 2026-06-07 14:39:32 | InfixConverter/1_artifice vs kaprekar/test_1_artifice_pg_procyon → NON-CLONE
[161/10000] 2026-06-07 14:39:33 | InfixConverter/1_artifice vs queens/0_orig → NON-CLONE
[162/10000] 2026-06-07 14:39:35 | InfixConverter/1_artifice vs queens/1_artifice → NON-CLONE
[163/10000] 2026-06-07 14:39:36 | InfixConverter/1_artifice vs queens/test_0_orig_no_krakatau → NON-CLONE
[164/10000] 2026-06-07 14:39:37 | InfixConverter/1_artifice vs queens/test_0_orig_no_procyon → NON-CLONE
[165/10000] 2026-06-07 14:39:38 | InfixConverter/1_artifice vs queens/test_0_orig_pg_krakatau → NON-CLONE
[166/10000] 2026-06-07 14:39:39 | InfixConverter/1_artifice vs queens/test_0_orig_pg_procyon → NON-CLONE
[167/10000] 2026-06-07 14:39:41 | InfixConverter/1_artifice vs queens/test_1_artifice_no_krakatau → NON-CLONE
[168/10000] 2026-06-07 14:39:42 | InfixConverter/1_artifice vs queens/test_1_artifice_no_procyon → NON-CLONE
[169/10000] 2026-06-07 14:39:43 | InfixConverter/1_artifice vs queens/test_1_artifice_pg_krakatau → NON-CLONE
[170/10000] 2026-06-07 14:39:44 | InfixConverter/1_artifice vs queens/test_1_artifice_pg_procyon → NON-CLONE
[171/10000] 2026-06-07 14:39:46 | InfixConverter/1_artifice vs railroadcar/0_orig → NON-CLONE
[172/10000] 2026-06-07 14:39:48 | InfixConverter/1_artifice vs railroadcar/1_artifice → NON-CLONE
[173/10000] 2026-06-07 14:39:49 | InfixConverter/1_artifice vs railroadcar/test_0_orig_no_krakatau → NON-CLONE
[174/10000] 2026-06-07 14:39:51 | InfixConverter/1_artifice vs railroadcar/test_0_orig_no_procyon → NON-CLONE
[175/10000] 2026-06-07 14:39:52 | InfixConverter/1_artifice vs railroadcar/test_0_orig_pg_krakatau → NON-CLONE
[176/10000] 2026-06-07 14:39:54 | InfixConverter/1_artifice vs railroadcar/test_0_orig_pg_procyon → NON-CLONE
[177/10000] 2026-06-07 14:39:55 | InfixConverter/1_artifice vs railroadcar/test_1_artifice_no_krakatau → NON-CLONE
[178/10000] 2026-06-07 14:39:57 | InfixConverter/1_artifice vs railroadcar/test_1_artifice_no_procyon → NON-CLONE
[179/10000] 2026-06-07 14:39:58 | InfixConverter/1_artifice vs railroadcar/test_1_artifice_pg_krakatau → NON-CLONE
[180/10000] 2026-06-07 14:40:00 | InfixConverter/1_artifice vs railroadcar/test_1_artifice_pg_procyon → NON-CLONE
[181/10000] 2026-06-07 14:40:01 | InfixConverter/1_artifice vs slinkedlist/0_orig → NON-CLONE
[182/10000] 2026-06-07 14:40:02 | InfixConverter/1_artifice vs slinkedlist/1_artifice → NON-CLONE
[183/10000] 2026-06-07 14:40:04 | InfixConverter/1_artifice vs slinkedlist/test_0_orig_no_krakatau → NON-CLONE
[184/10000] 2026-06-07 14:40:05 | InfixConverter/1_artifice vs slinkedlist/test_0_orig_no_procyon → NON-CLONE
[185/10000] 2026-06-07 14:40:06 | InfixConverter/1_artifice vs slinkedlist/test_0_orig_pg_krakatau → NON-CLONE
[186/10000] 2026-06-07 14:40:07 | InfixConverter/1_artifice vs slinkedlist/test_0_orig_pg_procyon → NON-CLONE
[187/10000] 2026-06-07 14:40:08 | InfixConverter/1_artifice vs slinkedlist/test_1_artifice_no_krakatau → NON-CLONE
[188/10000] 2026-06-07 14:40:09 | InfixConverter/1_artifice vs slinkedlist/test_1_artifice_no_procyon → NON-CLONE
[189/10000] 2026-06-07 14:40:10 | InfixConverter/1_artifice vs slinkedlist/test_1_artifice_pg_krakatau → NON-CLONE
[190/10000] 2026-06-07 14:40:12 | InfixConverter/1_artifice vs slinkedlist/test_1_artifice_pg_procyon → NON-CLONE
[191/10000] 2026-06-07 14:40:13 | InfixConverter/1_artifice vs square/0_orig → NON-CLONE
[192/10000] 2026-06-07 14:40:14 | InfixConverter/1_artifice vs square/1_artifice → NON-CLONE
[193/10000] 2026-06-07 14:40:15 | InfixConverter/1_artifice vs square/test_0_orig_no_krakatau → NON-CLONE
[194/10000] 2026-06-07 14:40:17 | InfixConverter/1_artifice vs square/test_0_orig_no_procyon → NON-CLONE
[195/10000] 2026-06-07 14:40:18 | InfixConverter/1_artifice vs square/test_0_orig_pg_krakatau → NON-CLONE
[196/10000] 2026-06-07 14:40:20 | InfixConverter/1_artifice vs square/test_0_orig_pg_procyon → NON-CLONE
[197/10000] 2026-06-07 14:40:21 | InfixConverter/1_artifice vs square/test_1_artifice_no_krakatau → NON-CLONE
[198/10000] 2026-06-07 14:40:22 | InfixConverter/1_artifice vs square/test_1_artifice_no_procyon → NON-CLONE
[199/10000] 2026-06-07 14:40:23 | InfixConverter/1_artifice vs square/test_1_artifice_pg_krakatau → NON-CLONE
[200/10000] 2026-06-07 14:40:25 | InfixConverter/1_artifice vs square/test_1_artifice_pg_procyon → NON-CLONE
[201/10000] 2026-06-07 14:40:26 | InfixConverter/test_0_orig_no_krakatau vs InfixConverter/0_orig → CLONE
[202/10000] 2026-06-07 14:40:27 | InfixConverter/test_0_orig_no_krakatau vs InfixConverter/1_artifice → CLONE
[203/10000] 2026-06-07 14:40:28 | InfixConverter/test_0_orig_no_krakatau vs InfixConverter/test_0_orig_no_krakatau → CLONE
[204/10000] 2026-06-07 14:40:29 | InfixConverter/test_0_orig_no_krakatau vs InfixConverter/test_0_orig_no_procyon → CLONE
[205/10000] 2026-06-07 14:40:31 | InfixConverter/test_0_orig_no_krakatau vs InfixConverter/test_0_orig_pg_krakatau → CLONE
[206/10000] 2026-06-07 14:40:32 | InfixConverter/test_0_orig_no_krakatau vs InfixConverter/test_0_orig_pg_procyon → CLONE
[207/10000] 2026-06-07 14:40:34 | InfixConverter/test_0_orig_no_krakatau vs InfixConverter/test_1_artifice_no_krakatau → CLONE
[208/10000] 2026-06-07 14:40:35 | InfixConverter/test_0_orig_no_krakatau vs InfixConverter/test_1_artifice_no_procyon → CLONE
[209/10000] 2026-06-07 14:40:36 | InfixConverter/test_0_orig_no_krakatau vs InfixConverter/test_1_artifice_pg_krakatau → CLONE
[210/10000] 2026-06-07 14:40:37 | InfixConverter/test_0_orig_no_krakatau vs InfixConverter/test_1_artifice_pg_procyon → CLONE
[211/10000] 2026-06-07 14:40:38 | InfixConverter/test_0_orig_no_krakatau vs SqrtAlgorithm/0_orig → NON-CLONE
[212/10000] 2026-06-07 14:40:39 | InfixConverter/test_0_orig_no_krakatau vs SqrtAlgorithm/1_artifice → NON-CLONE
[213/10000] 2026-06-07 14:40:40 | InfixConverter/test_0_orig_no_krakatau vs SqrtAlgorithm/test_0_orig_no_krakatau → NON-CLONE
[214/10000] 2026-06-07 14:40:42 | InfixConverter/test_0_orig_no_krakatau vs SqrtAlgorithm/test_0_orig_no_procyon → NON-CLONE
[215/10000] 2026-06-07 14:40:43 | InfixConverter/test_0_orig_no_krakatau vs SqrtAlgorithm/test_0_orig_pg_krakatau → NON-CLONE
[216/10000] 2026-06-07 14:40:44 | InfixConverter/test_0_orig_no_krakatau vs SqrtAlgorithm/test_0_orig_pg_procyon → NON-CLONE
[217/10000] 2026-06-07 14:40:45 | InfixConverter/test_0_orig_no_krakatau vs SqrtAlgorithm/test_1_artifice_no_krakatau → NON-CLONE
[218/10000] 2026-06-07 14:40:47 | InfixConverter/test_0_orig_no_krakatau vs SqrtAlgorithm/test_1_artifice_no_procyon → NON-CLONE
[219/10000] 2026-06-07 14:40:48 | InfixConverter/test_0_orig_no_krakatau vs SqrtAlgorithm/test_1_artifice_pg_krakatau → NON-CLONE
[220/10000] 2026-06-07 14:40:49 | InfixConverter/test_0_orig_no_krakatau vs SqrtAlgorithm/test_1_artifice_pg_procyon → NON-CLONE
[221/10000] 2026-06-07 14:40:50 | InfixConverter/test_0_orig_no_krakatau vs bubblesort/0_orig → NON-CLONE
[222/10000] 2026-06-07 14:40:51 | InfixConverter/test_0_orig_no_krakatau vs bubblesort/1_artifice → NON-CLONE
[223/10000] 2026-06-07 14:40:52 | InfixConverter/test_0_orig_no_krakatau vs bubblesort/test_0_orig_no_krakatau → NON-CLONE
[224/10000] 2026-06-07 14:40:53 | InfixConverter/test_0_orig_no_krakatau vs bubblesort/test_0_orig_no_procyon → NON-CLONE
[225/10000] 2026-06-07 14:40:55 | InfixConverter/test_0_orig_no_krakatau vs bubblesort/test_0_orig_pg_krakatau → NON-CLONE
[226/10000] 2026-06-07 14:40:56 | InfixConverter/test_0_orig_no_krakatau vs bubblesort/test_0_orig_pg_procyon → NON-CLONE
[227/10000] 2026-06-07 14:40:58 | InfixConverter/test_0_orig_no_krakatau vs bubblesort/test_1_artifice_no_krakatau → NON-CLONE
[228/10000] 2026-06-07 14:40:59 | InfixConverter/test_0_orig_no_krakatau vs bubblesort/test_1_artifice_no_procyon → NON-CLONE
[229/10000] 2026-06-07 14:41:00 | InfixConverter/test_0_orig_no_krakatau vs bubblesort/test_1_artifice_pg_krakatau → NON-CLONE
[230/10000] 2026-06-07 14:41:01 | InfixConverter/test_0_orig_no_krakatau vs bubblesort/test_1_artifice_pg_procyon → NON-CLONE
[231/10000] 2026-06-07 14:41:03 | InfixConverter/test_0_orig_no_krakatau vs guessword/0_orig → NON-CLONE
[232/10000] 2026-06-07 14:41:04 | InfixConverter/test_0_orig_no_krakatau vs guessword/1_artifice → NON-CLONE
[233/10000] 2026-06-07 14:41:05 | InfixConverter/test_0_orig_no_krakatau vs guessword/test_0_orig_no_krakatau → NON-CLONE
[234/10000] 2026-06-07 14:41:06 | InfixConverter/test_0_orig_no_krakatau vs guessword/test_0_orig_no_procyon → NON-CLONE
[235/10000] 2026-06-07 14:41:08 | InfixConverter/test_0_orig_no_krakatau vs guessword/test_0_orig_pg_krakatau → NON-CLONE
[236/10000] 2026-06-07 14:41:09 | InfixConverter/test_0_orig_no_krakatau vs guessword/test_0_orig_pg_procyon → NON-CLONE
[237/10000] 2026-06-07 14:41:10 | InfixConverter/test_0_orig_no_krakatau vs guessword/test_1_artifice_no_krakatau → NON-CLONE
[238/10000] 2026-06-07 14:41:12 | InfixConverter/test_0_orig_no_krakatau vs guessword/test_1_artifice_no_procyon → NON-CLONE
[239/10000] 2026-06-07 14:41:14 | InfixConverter/test_0_orig_no_krakatau vs guessword/test_1_artifice_pg_krakatau → NON-CLONE
[240/10000] 2026-06-07 14:41:15 | InfixConverter/test_0_orig_no_krakatau vs guessword/test_1_artifice_pg_procyon → NON-CLONE
[241/10000] 2026-06-07 14:41:16 | InfixConverter/test_0_orig_no_krakatau vs hanoi/0_orig → NON-CLONE
[242/10000] 2026-06-07 14:41:18 | InfixConverter/test_0_orig_no_krakatau vs hanoi/1_artifice → NON-CLONE
[243/10000] 2026-06-07 14:41:19 | InfixConverter/test_0_orig_no_krakatau vs hanoi/test_0_orig_no_krakatau → NON-CLONE
[244/10000] 2026-06-07 14:41:21 | InfixConverter/test_0_orig_no_krakatau vs hanoi/test_0_orig_no_procyon → NON-CLONE
[245/10000] 2026-06-07 14:41:22 | InfixConverter/test_0_orig_no_krakatau vs hanoi/test_0_orig_pg_krakatau → NON-CLONE
[246/10000] 2026-06-07 14:41:24 | InfixConverter/test_0_orig_no_krakatau vs hanoi/test_0_orig_pg_procyon → NON-CLONE
[247/10000] 2026-06-07 14:41:25 | InfixConverter/test_0_orig_no_krakatau vs hanoi/test_1_artifice_no_krakatau → NON-CLONE
[248/10000] 2026-06-07 14:41:27 | InfixConverter/test_0_orig_no_krakatau vs hanoi/test_1_artifice_no_procyon → NON-CLONE
[249/10000] 2026-06-07 14:41:29 | InfixConverter/test_0_orig_no_krakatau vs hanoi/test_1_artifice_pg_krakatau → NON-CLONE
[250/10000] 2026-06-07 14:41:30 | InfixConverter/test_0_orig_no_krakatau vs hanoi/test_1_artifice_pg_procyon → NON-CLONE
[251/10000] 2026-06-07 14:41:31 | InfixConverter/test_0_orig_no_krakatau vs kaprekar/0_orig → NON-CLONE
[252/10000] 2026-06-07 14:41:32 | InfixConverter/test_0_orig_no_krakatau vs kaprekar/1_artifice → NON-CLONE
[253/10000] 2026-06-07 14:41:33 | InfixConverter/test_0_orig_no_krakatau vs kaprekar/test_0_orig_no_krakatau → NON-CLONE
[254/10000] 2026-06-07 14:41:35 | InfixConverter/test_0_orig_no_krakatau vs kaprekar/test_0_orig_no_procyon → NON-CLONE
[255/10000] 2026-06-07 14:41:36 | InfixConverter/test_0_orig_no_krakatau vs kaprekar/test_0_orig_pg_krakatau → NON-CLONE
[256/10000] 2026-06-07 14:41:38 | InfixConverter/test_0_orig_no_krakatau vs kaprekar/test_0_orig_pg_procyon → NON-CLONE
[257/10000] 2026-06-07 14:41:39 | InfixConverter/test_0_orig_no_krakatau vs kaprekar/test_1_artifice_no_krakatau → NON-CLONE
[258/10000] 2026-06-07 14:41:40 | InfixConverter/test_0_orig_no_krakatau vs kaprekar/test_1_artifice_no_procyon → NON-CLONE
[259/10000] 2026-06-07 14:41:41 | InfixConverter/test_0_orig_no_krakatau vs kaprekar/test_1_artifice_pg_krakatau → NON-CLONE
[260/10000] 2026-06-07 14:41:43 | InfixConverter/test_0_orig_no_krakatau vs kaprekar/test_1_artifice_pg_procyon → NON-CLONE
[261/10000] 2026-06-07 14:41:44 | InfixConverter/test_0_orig_no_krakatau vs queens/0_orig → NON-CLONE
[262/10000] 2026-06-07 14:41:45 | InfixConverter/test_0_orig_no_krakatau vs queens/1_artifice → NON-CLONE
[263/10000] 2026-06-07 14:41:46 | InfixConverter/test_0_orig_no_krakatau vs queens/test_0_orig_no_krakatau → NON-CLONE
[264/10000] 2026-06-07 14:41:48 | InfixConverter/test_0_orig_no_krakatau vs queens/test_0_orig_no_procyon → NON-CLONE
[265/10000] 2026-06-07 14:41:50 | InfixConverter/test_0_orig_no_krakatau vs queens/test_0_orig_pg_krakatau → NON-CLONE
[266/10000] 2026-06-07 14:41:51 | InfixConverter/test_0_orig_no_krakatau vs queens/test_0_orig_pg_procyon → NON-CLONE
[267/10000] 2026-06-07 14:41:52 | InfixConverter/test_0_orig_no_krakatau vs queens/test_1_artifice_no_krakatau → NON-CLONE
[268/10000] 2026-06-07 14:41:54 | InfixConverter/test_0_orig_no_krakatau vs queens/test_1_artifice_no_procyon → NON-CLONE
[269/10000] 2026-06-07 14:41:55 | InfixConverter/test_0_orig_no_krakatau vs queens/test_1_artifice_pg_krakatau → NON-CLONE
[270/10000] 2026-06-07 14:41:56 | InfixConverter/test_0_orig_no_krakatau vs queens/test_1_artifice_pg_procyon → NON-CLONE
[271/10000] 2026-06-07 14:41:57 | InfixConverter/test_0_orig_no_krakatau vs railroadcar/0_orig → NON-CLONE
[272/10000] 2026-06-07 14:41:59 | InfixConverter/test_0_orig_no_krakatau vs railroadcar/1_artifice → NON-CLONE
[273/10000] 2026-06-07 14:42:00 | InfixConverter/test_0_orig_no_krakatau vs railroadcar/test_0_orig_no_krakatau → NON-CLONE
[274/10000] 2026-06-07 14:42:02 | InfixConverter/test_0_orig_no_krakatau vs railroadcar/test_0_orig_no_procyon → NON-CLONE
[275/10000] 2026-06-07 14:42:04 | InfixConverter/test_0_orig_no_krakatau vs railroadcar/test_0_orig_pg_krakatau → NON-CLONE
[276/10000] 2026-06-07 14:42:05 | InfixConverter/test_0_orig_no_krakatau vs railroadcar/test_0_orig_pg_procyon → NON-CLONE
[277/10000] 2026-06-07 14:42:07 | InfixConverter/test_0_orig_no_krakatau vs railroadcar/test_1_artifice_no_krakatau → NON-CLONE
[278/10000] 2026-06-07 14:42:08 | InfixConverter/test_0_orig_no_krakatau vs railroadcar/test_1_artifice_no_procyon → NON-CLONE
[279/10000] 2026-06-07 14:42:10 | InfixConverter/test_0_orig_no_krakatau vs railroadcar/test_1_artifice_pg_krakatau → NON-CLONE
[280/10000] 2026-06-07 14:42:11 | InfixConverter/test_0_orig_no_krakatau vs railroadcar/test_1_artifice_pg_procyon → NON-CLONE
[281/10000] 2026-06-07 14:42:13 | InfixConverter/test_0_orig_no_krakatau vs slinkedlist/0_orig → NON-CLONE
[282/10000] 2026-06-07 14:42:14 | InfixConverter/test_0_orig_no_krakatau vs slinkedlist/1_artifice → NON-CLONE
[283/10000] 2026-06-07 14:42:16 | InfixConverter/test_0_orig_no_krakatau vs slinkedlist/test_0_orig_no_krakatau → NON-CLONE
[284/10000] 2026-06-07 14:42:17 | InfixConverter/test_0_orig_no_krakatau vs slinkedlist/test_0_orig_no_procyon → NON-CLONE
[285/10000] 2026-06-07 14:42:19 | InfixConverter/test_0_orig_no_krakatau vs slinkedlist/test_0_orig_pg_krakatau → NON-CLONE
[286/10000] 2026-06-07 14:42:20 | InfixConverter/test_0_orig_no_krakatau vs slinkedlist/test_0_orig_pg_procyon → NON-CLONE
[287/10000] 2026-06-07 14:42:22 | InfixConverter/test_0_orig_no_krakatau vs slinkedlist/test_1_artifice_no_krakatau → NON-CLONE
[288/10000] 2026-06-07 14:42:23 | InfixConverter/test_0_orig_no_krakatau vs slinkedlist/test_1_artifice_no_procyon → NON-CLONE
[289/10000] 2026-06-07 14:42:24 | InfixConverter/test_0_orig_no_krakatau vs slinkedlist/test_1_artifice_pg_krakatau → NON-CLONE
[290/10000] 2026-06-07 14:42:26 | InfixConverter/test_0_orig_no_krakatau vs slinkedlist/test_1_artifice_pg_procyon → NON-CLONE
[291/10000] 2026-06-07 14:42:27 | InfixConverter/test_0_orig_no_krakatau vs square/0_orig → NON-CLONE
[292/10000] 2026-06-07 14:42:29 | InfixConverter/test_0_orig_no_krakatau vs square/1_artifice → NON-CLONE
[293/10000] 2026-06-07 14:42:31 | InfixConverter/test_0_orig_no_krakatau vs square/test_0_orig_no_krakatau → NON-CLONE
[294/10000] 2026-06-07 14:42:32 | InfixConverter/test_0_orig_no_krakatau vs square/test_0_orig_no_procyon → NON-CLONE
[295/10000] 2026-06-07 14:42:33 | InfixConverter/test_0_orig_no_krakatau vs square/test_0_orig_pg_krakatau → NON-CLONE
[296/10000] 2026-06-07 14:42:35 | InfixConverter/test_0_orig_no_krakatau vs square/test_0_orig_pg_procyon → NON-CLONE
[297/10000] 2026-06-07 14:42:36 | InfixConverter/test_0_orig_no_krakatau vs square/test_1_artifice_no_krakatau → NON-CLONE
[298/10000] 2026-06-07 14:42:37 | InfixConverter/test_0_orig_no_krakatau vs square/test_1_artifice_no_procyon → NON-CLONE
[299/10000] 2026-06-07 14:42:38 | InfixConverter/test_0_orig_no_krakatau vs square/test_1_artifice_pg_krakatau → NON-CLONE
[300/10000] 2026-06-07 14:42:40 | InfixConverter/test_0_orig_no_krakatau vs square/test_1_artifice_pg_procyon → NON-CLONE
[301/10000] 2026-06-07 14:42:41 | InfixConverter/test_0_orig_no_procyon vs InfixConverter/0_orig → CLONE
[302/10000] 2026-06-07 14:42:42 | InfixConverter/test_0_orig_no_procyon vs InfixConverter/1_artifice → CLONE
[303/10000] 2026-06-07 14:42:43 | InfixConverter/test_0_orig_no_procyon vs InfixConverter/test_0_orig_no_krakatau → CLONE
[304/10000] 2026-06-07 14:42:44 | InfixConverter/test_0_orig_no_procyon vs InfixConverter/test_0_orig_no_procyon → CLONE
[305/10000] 2026-06-07 14:42:45 | InfixConverter/test_0_orig_no_procyon vs InfixConverter/test_0_orig_pg_krakatau → CLONE
[306/10000] 2026-06-07 14:42:46 | InfixConverter/test_0_orig_no_procyon vs InfixConverter/test_0_orig_pg_procyon → CLONE
[307/10000] 2026-06-07 14:42:47 | InfixConverter/test_0_orig_no_procyon vs InfixConverter/test_1_artifice_no_krakatau → CLONE
[308/10000] 2026-06-07 14:42:48 | InfixConverter/test_0_orig_no_procyon vs InfixConverter/test_1_artifice_no_procyon → CLONE
[309/10000] 2026-06-07 14:42:49 | InfixConverter/test_0_orig_no_procyon vs InfixConverter/test_1_artifice_pg_krakatau → CLONE
[310/10000] 2026-06-07 14:42:50 | InfixConverter/test_0_orig_no_procyon vs InfixConverter/test_1_artifice_pg_procyon → CLONE
[311/10000] 2026-06-07 14:42:52 | InfixConverter/test_0_orig_no_procyon vs SqrtAlgorithm/0_orig → NON-CLONE
[312/10000] 2026-06-07 14:42:53 | InfixConverter/test_0_orig_no_procyon vs SqrtAlgorithm/1_artifice → NON-CLONE
[313/10000] 2026-06-07 14:42:54 | InfixConverter/test_0_orig_no_procyon vs SqrtAlgorithm/test_0_orig_no_krakatau → NON-CLONE
[314/10000] 2026-06-07 14:42:55 | InfixConverter/test_0_orig_no_procyon vs SqrtAlgorithm/test_0_orig_no_procyon → NON-CLONE
[315/10000] 2026-06-07 14:42:56 | InfixConverter/test_0_orig_no_procyon vs SqrtAlgorithm/test_0_orig_pg_krakatau → NON-CLONE
[316/10000] 2026-06-07 14:42:57 | InfixConverter/test_0_orig_no_procyon vs SqrtAlgorithm/test_0_orig_pg_procyon → NON-CLONE
[317/10000] 2026-06-07 14:42:59 | InfixConverter/test_0_orig_no_procyon vs SqrtAlgorithm/test_1_artifice_no_krakatau → NON-CLONE
[318/10000] 2026-06-07 14:43:00 | InfixConverter/test_0_orig_no_procyon vs SqrtAlgorithm/test_1_artifice_no_procyon → NON-CLONE
[319/10000] 2026-06-07 14:43:01 | InfixConverter/test_0_orig_no_procyon vs SqrtAlgorithm/test_1_artifice_pg_krakatau → NON-CLONE
[320/10000] 2026-06-07 14:43:02 | InfixConverter/test_0_orig_no_procyon vs SqrtAlgorithm/test_1_artifice_pg_procyon → NON-CLONE
[321/10000] 2026-06-07 14:43:04 | InfixConverter/test_0_orig_no_procyon vs bubblesort/0_orig → NON-CLONE
[322/10000] 2026-06-07 14:43:05 | InfixConverter/test_0_orig_no_procyon vs bubblesort/1_artifice → NON-CLONE
[323/10000] 2026-06-07 14:43:06 | InfixConverter/test_0_orig_no_procyon vs bubblesort/test_0_orig_no_krakatau → NON-CLONE
[324/10000] 2026-06-07 14:43:07 | InfixConverter/test_0_orig_no_procyon vs bubblesort/test_0_orig_no_procyon → NON-CLONE
[325/10000] 2026-06-07 14:43:08 | InfixConverter/test_0_orig_no_procyon vs bubblesort/test_0_orig_pg_krakatau → NON-CLONE
[326/10000] 2026-06-07 14:43:09 | InfixConverter/test_0_orig_no_procyon vs bubblesort/test_0_orig_pg_procyon → NON-CLONE
[327/10000] 2026-06-07 14:43:10 | InfixConverter/test_0_orig_no_procyon vs bubblesort/test_1_artifice_no_krakatau → NON-CLONE
[328/10000] 2026-06-07 14:43:12 | InfixConverter/test_0_orig_no_procyon vs bubblesort/test_1_artifice_no_procyon → NON-CLONE
[329/10000] 2026-06-07 14:43:13 | InfixConverter/test_0_orig_no_procyon vs bubblesort/test_1_artifice_pg_krakatau → NON-CLONE
[330/10000] 2026-06-07 14:43:14 | InfixConverter/test_0_orig_no_procyon vs bubblesort/test_1_artifice_pg_procyon → NON-CLONE
[331/10000] 2026-06-07 14:43:15 | InfixConverter/test_0_orig_no_procyon vs guessword/0_orig → NON-CLONE
[332/10000] 2026-06-07 14:43:16 | InfixConverter/test_0_orig_no_procyon vs guessword/1_artifice → NON-CLONE
[333/10000] 2026-06-07 14:43:18 | InfixConverter/test_0_orig_no_procyon vs guessword/test_0_orig_no_krakatau → NON-CLONE
[334/10000] 2026-06-07 14:43:19 | InfixConverter/test_0_orig_no_procyon vs guessword/test_0_orig_no_procyon → NON-CLONE
[335/10000] 2026-06-07 14:43:20 | InfixConverter/test_0_orig_no_procyon vs guessword/test_0_orig_pg_krakatau → NON-CLONE
[336/10000] 2026-06-07 14:43:22 | InfixConverter/test_0_orig_no_procyon vs guessword/test_0_orig_pg_procyon → NON-CLONE
[337/10000] 2026-06-07 14:43:23 | InfixConverter/test_0_orig_no_procyon vs guessword/test_1_artifice_no_krakatau → NON-CLONE
[338/10000] 2026-06-07 14:43:24 | InfixConverter/test_0_orig_no_procyon vs guessword/test_1_artifice_no_procyon → NON-CLONE
[339/10000] 2026-06-07 14:43:26 | InfixConverter/test_0_orig_no_procyon vs guessword/test_1_artifice_pg_krakatau → NON-CLONE
[340/10000] 2026-06-07 14:43:27 | InfixConverter/test_0_orig_no_procyon vs guessword/test_1_artifice_pg_procyon → NON-CLONE
[341/10000] 2026-06-07 14:43:28 | InfixConverter/test_0_orig_no_procyon vs hanoi/0_orig → NON-CLONE
[342/10000] 2026-06-07 14:43:30 | InfixConverter/test_0_orig_no_procyon vs hanoi/1_artifice → NON-CLONE
[343/10000] 2026-06-07 14:43:31 | InfixConverter/test_0_orig_no_procyon vs hanoi/test_0_orig_no_krakatau → NON-CLONE
[344/10000] 2026-06-07 14:43:32 | InfixConverter/test_0_orig_no_procyon vs hanoi/test_0_orig_no_procyon → NON-CLONE
[345/10000] 2026-06-07 14:43:34 | InfixConverter/test_0_orig_no_procyon vs hanoi/test_0_orig_pg_krakatau → NON-CLONE
[346/10000] 2026-06-07 14:43:35 | InfixConverter/test_0_orig_no_procyon vs hanoi/test_0_orig_pg_procyon → NON-CLONE
[347/10000] 2026-06-07 14:43:37 | InfixConverter/test_0_orig_no_procyon vs hanoi/test_1_artifice_no_krakatau → NON-CLONE
[348/10000] 2026-06-07 14:43:38 | InfixConverter/test_0_orig_no_procyon vs hanoi/test_1_artifice_no_procyon → NON-CLONE
[349/10000] 2026-06-07 14:43:40 | InfixConverter/test_0_orig_no_procyon vs hanoi/test_1_artifice_pg_krakatau → NON-CLONE
[350/10000] 2026-06-07 14:43:41 | InfixConverter/test_0_orig_no_procyon vs hanoi/test_1_artifice_pg_procyon → NON-CLONE
[351/10000] 2026-06-07 14:43:43 | InfixConverter/test_0_orig_no_procyon vs kaprekar/0_orig → NON-CLONE
[352/10000] 2026-06-07 14:43:44 | InfixConverter/test_0_orig_no_procyon vs kaprekar/1_artifice → NON-CLONE
[353/10000] 2026-06-07 14:43:45 | InfixConverter/test_0_orig_no_procyon vs kaprekar/test_0_orig_no_krakatau → NON-CLONE
[354/10000] 2026-06-07 14:43:47 | InfixConverter/test_0_orig_no_procyon vs kaprekar/test_0_orig_no_procyon → NON-CLONE
[355/10000] 2026-06-07 14:43:48 | InfixConverter/test_0_orig_no_procyon vs kaprekar/test_0_orig_pg_krakatau → NON-CLONE
[356/10000] 2026-06-07 14:43:49 | InfixConverter/test_0_orig_no_procyon vs kaprekar/test_0_orig_pg_procyon → NON-CLONE
[357/10000] 2026-06-07 14:43:50 | InfixConverter/test_0_orig_no_procyon vs kaprekar/test_1_artifice_no_krakatau → NON-CLONE
[358/10000] 2026-06-07 14:43:52 | InfixConverter/test_0_orig_no_procyon vs kaprekar/test_1_artifice_no_procyon → NON-CLONE
[359/10000] 2026-06-07 14:43:53 | InfixConverter/test_0_orig_no_procyon vs kaprekar/test_1_artifice_pg_krakatau → NON-CLONE
[360/10000] 2026-06-07 14:43:54 | InfixConverter/test_0_orig_no_procyon vs kaprekar/test_1_artifice_pg_procyon → NON-CLONE
[361/10000] 2026-06-07 14:43:55 | InfixConverter/test_0_orig_no_procyon vs queens/0_orig → NON-CLONE
[362/10000] 2026-06-07 14:43:57 | InfixConverter/test_0_orig_no_procyon vs queens/1_artifice → NON-CLONE
[363/10000] 2026-06-07 14:43:58 | InfixConverter/test_0_orig_no_procyon vs queens/test_0_orig_no_krakatau → NON-CLONE
[364/10000] 2026-06-07 14:43:59 | InfixConverter/test_0_orig_no_procyon vs queens/test_0_orig_no_procyon → NON-CLONE
[365/10000] 2026-06-07 14:44:00 | InfixConverter/test_0_orig_no_procyon vs queens/test_0_orig_pg_krakatau → NON-CLONE
[366/10000] 2026-06-07 14:44:01 | InfixConverter/test_0_orig_no_procyon vs queens/test_0_orig_pg_procyon → NON-CLONE
[367/10000] 2026-06-07 14:44:03 | InfixConverter/test_0_orig_no_procyon vs queens/test_1_artifice_no_krakatau → NON-CLONE
[368/10000] 2026-06-07 14:44:04 | InfixConverter/test_0_orig_no_procyon vs queens/test_1_artifice_no_procyon → NON-CLONE
[369/10000] 2026-06-07 14:44:05 | InfixConverter/test_0_orig_no_procyon vs queens/test_1_artifice_pg_krakatau → NON-CLONE
[370/10000] 2026-06-07 14:44:07 | InfixConverter/test_0_orig_no_procyon vs queens/test_1_artifice_pg_procyon → NON-CLONE
[371/10000] 2026-06-07 14:44:08 | InfixConverter/test_0_orig_no_procyon vs railroadcar/0_orig → NON-CLONE
[372/10000] 2026-06-07 14:44:10 | InfixConverter/test_0_orig_no_procyon vs railroadcar/1_artifice → NON-CLONE
[373/10000] 2026-06-07 14:44:11 | InfixConverter/test_0_orig_no_procyon vs railroadcar/test_0_orig_no_krakatau → NON-CLONE
[374/10000] 2026-06-07 14:44:13 | InfixConverter/test_0_orig_no_procyon vs railroadcar/test_0_orig_no_procyon → NON-CLONE
[375/10000] 2026-06-07 14:44:14 | InfixConverter/test_0_orig_no_procyon vs railroadcar/test_0_orig_pg_krakatau → NON-CLONE
[376/10000] 2026-06-07 14:44:16 | InfixConverter/test_0_orig_no_procyon vs railroadcar/test_0_orig_pg_procyon → NON-CLONE
[377/10000] 2026-06-07 14:44:17 | InfixConverter/test_0_orig_no_procyon vs railroadcar/test_1_artifice_no_krakatau → NON-CLONE
[378/10000] 2026-06-07 14:44:18 | InfixConverter/test_0_orig_no_procyon vs railroadcar/test_1_artifice_no_procyon → NON-CLONE
[379/10000] 2026-06-07 14:44:19 | InfixConverter/test_0_orig_no_procyon vs railroadcar/test_1_artifice_pg_krakatau → NON-CLONE
[380/10000] 2026-06-07 14:44:21 | InfixConverter/test_0_orig_no_procyon vs railroadcar/test_1_artifice_pg_procyon → NON-CLONE
[381/10000] 2026-06-07 14:44:22 | InfixConverter/test_0_orig_no_procyon vs slinkedlist/0_orig → NON-CLONE
[382/10000] 2026-06-07 14:44:23 | InfixConverter/test_0_orig_no_procyon vs slinkedlist/1_artifice → NON-CLONE
[383/10000] 2026-06-07 14:44:24 | InfixConverter/test_0_orig_no_procyon vs slinkedlist/test_0_orig_no_krakatau → NON-CLONE
[384/10000] 2026-06-07 14:44:25 | InfixConverter/test_0_orig_no_procyon vs slinkedlist/test_0_orig_no_procyon → NON-CLONE
[385/10000] 2026-06-07 14:44:26 | InfixConverter/test_0_orig_no_procyon vs slinkedlist/test_0_orig_pg_krakatau → NON-CLONE
[386/10000] 2026-06-07 14:44:27 | InfixConverter/test_0_orig_no_procyon vs slinkedlist/test_0_orig_pg_procyon → NON-CLONE
[387/10000] 2026-06-07 14:44:28 | InfixConverter/test_0_orig_no_procyon vs slinkedlist/test_1_artifice_no_krakatau → NON-CLONE
[388/10000] 2026-06-07 14:44:29 | InfixConverter/test_0_orig_no_procyon vs slinkedlist/test_1_artifice_no_procyon → NON-CLONE
[389/10000] 2026-06-07 14:44:30 | InfixConverter/test_0_orig_no_procyon vs slinkedlist/test_1_artifice_pg_krakatau → NON-CLONE
[390/10000] 2026-06-07 14:44:32 | InfixConverter/test_0_orig_no_procyon vs slinkedlist/test_1_artifice_pg_procyon → NON-CLONE
[391/10000] 2026-06-07 14:44:33 | InfixConverter/test_0_orig_no_procyon vs square/0_orig → NON-CLONE
[392/10000] 2026-06-07 14:44:34 | InfixConverter/test_0_orig_no_procyon vs square/1_artifice → NON-CLONE
[393/10000] 2026-06-07 14:44:35 | InfixConverter/test_0_orig_no_procyon vs square/test_0_orig_no_krakatau → NON-CLONE
[394/10000] 2026-06-07 14:44:36 | InfixConverter/test_0_orig_no_procyon vs square/test_0_orig_no_procyon → NON-CLONE
[395/10000] 2026-06-07 14:44:37 | InfixConverter/test_0_orig_no_procyon vs square/test_0_orig_pg_krakatau → NON-CLONE
[396/10000] 2026-06-07 14:44:39 | InfixConverter/test_0_orig_no_procyon vs square/test_0_orig_pg_procyon → NON-CLONE
[397/10000] 2026-06-07 14:44:40 | InfixConverter/test_0_orig_no_procyon vs square/test_1_artifice_no_krakatau → NON-CLONE
[398/10000] 2026-06-07 14:44:41 | InfixConverter/test_0_orig_no_procyon vs square/test_1_artifice_no_procyon → NON-CLONE
[399/10000] 2026-06-07 14:44:42 | InfixConverter/test_0_orig_no_procyon vs square/test_1_artifice_pg_krakatau → NON-CLONE
[400/10000] 2026-06-07 14:44:43 | InfixConverter/test_0_orig_no_procyon vs square/test_1_artifice_pg_procyon → NON-CLONE
[401/10000] 2026-06-07 14:44:45 | InfixConverter/test_0_orig_pg_krakatau vs InfixConverter/0_orig → CLONE
[402/10000] 2026-06-07 14:44:46 | InfixConverter/test_0_orig_pg_krakatau vs InfixConverter/1_artifice → CLONE
[403/10000] 2026-06-07 14:44:47 | InfixConverter/test_0_orig_pg_krakatau vs InfixConverter/test_0_orig_no_krakatau → CLONE
[404/10000] 2026-06-07 14:44:49 | InfixConverter/test_0_orig_pg_krakatau vs InfixConverter/test_0_orig_no_procyon → CLONE
[405/10000] 2026-06-07 14:44:50 | InfixConverter/test_0_orig_pg_krakatau vs InfixConverter/test_0_orig_pg_krakatau → CLONE
[406/10000] 2026-06-07 14:44:51 | InfixConverter/test_0_orig_pg_krakatau vs InfixConverter/test_0_orig_pg_procyon → CLONE
[407/10000] 2026-06-07 14:44:52 | InfixConverter/test_0_orig_pg_krakatau vs InfixConverter/test_1_artifice_no_krakatau → CLONE
[408/10000] 2026-06-07 14:44:54 | InfixConverter/test_0_orig_pg_krakatau vs InfixConverter/test_1_artifice_no_procyon → CLONE
[409/10000] 2026-06-07 14:44:55 | InfixConverter/test_0_orig_pg_krakatau vs InfixConverter/test_1_artifice_pg_krakatau → CLONE
[410/10000] 2026-06-07 14:44:56 | InfixConverter/test_0_orig_pg_krakatau vs InfixConverter/test_1_artifice_pg_procyon → CLONE
[411/10000] 2026-06-07 14:44:57 | InfixConverter/test_0_orig_pg_krakatau vs SqrtAlgorithm/0_orig → NON-CLONE
[412/10000] 2026-06-07 14:44:58 | InfixConverter/test_0_orig_pg_krakatau vs SqrtAlgorithm/1_artifice → NON-CLONE
[413/10000] 2026-06-07 14:45:00 | InfixConverter/test_0_orig_pg_krakatau vs SqrtAlgorithm/test_0_orig_no_krakatau → NON-CLONE
[414/10000] 2026-06-07 14:45:01 | InfixConverter/test_0_orig_pg_krakatau vs SqrtAlgorithm/test_0_orig_no_procyon → NON-CLONE
[415/10000] 2026-06-07 14:45:02 | InfixConverter/test_0_orig_pg_krakatau vs SqrtAlgorithm/test_0_orig_pg_krakatau → NON-CLONE
[416/10000] 2026-06-07 14:45:04 | InfixConverter/test_0_orig_pg_krakatau vs SqrtAlgorithm/test_0_orig_pg_procyon → NON-CLONE
[417/10000] 2026-06-07 14:45:05 | InfixConverter/test_0_orig_pg_krakatau vs SqrtAlgorithm/test_1_artifice_no_krakatau → NON-CLONE
[418/10000] 2026-06-07 14:45:07 | InfixConverter/test_0_orig_pg_krakatau vs SqrtAlgorithm/test_1_artifice_no_procyon → NON-CLONE
[419/10000] 2026-06-07 14:45:08 | InfixConverter/test_0_orig_pg_krakatau vs SqrtAlgorithm/test_1_artifice_pg_krakatau → NON-CLONE
[420/10000] 2026-06-07 14:45:10 | InfixConverter/test_0_orig_pg_krakatau vs SqrtAlgorithm/test_1_artifice_pg_procyon → NON-CLONE
[421/10000] 2026-06-07 14:45:11 | InfixConverter/test_0_orig_pg_krakatau vs bubblesort/0_orig → NON-CLONE
[422/10000] 2026-06-07 14:45:12 | InfixConverter/test_0_orig_pg_krakatau vs bubblesort/1_artifice → NON-CLONE
[423/10000] 2026-06-07 14:45:13 | InfixConverter/test_0_orig_pg_krakatau vs bubblesort/test_0_orig_no_krakatau → NON-CLONE
[424/10000] 2026-06-07 14:45:14 | InfixConverter/test_0_orig_pg_krakatau vs bubblesort/test_0_orig_no_procyon → NON-CLONE
[425/10000] 2026-06-07 14:45:15 | InfixConverter/test_0_orig_pg_krakatau vs bubblesort/test_0_orig_pg_krakatau → NON-CLONE
[426/10000] 2026-06-07 14:45:17 | InfixConverter/test_0_orig_pg_krakatau vs bubblesort/test_0_orig_pg_procyon → NON-CLONE
[427/10000] 2026-06-07 14:45:18 | InfixConverter/test_0_orig_pg_krakatau vs bubblesort/test_1_artifice_no_krakatau → NON-CLONE
[428/10000] 2026-06-07 14:45:19 | InfixConverter/test_0_orig_pg_krakatau vs bubblesort/test_1_artifice_no_procyon → NON-CLONE
[429/10000] 2026-06-07 14:45:20 | InfixConverter/test_0_orig_pg_krakatau vs bubblesort/test_1_artifice_pg_krakatau → NON-CLONE
[430/10000] 2026-06-07 14:45:21 | InfixConverter/test_0_orig_pg_krakatau vs bubblesort/test_1_artifice_pg_procyon → NON-CLONE
[431/10000] 2026-06-07 14:45:22 | InfixConverter/test_0_orig_pg_krakatau vs guessword/0_orig → NON-CLONE
[432/10000] 2026-06-07 14:45:23 | InfixConverter/test_0_orig_pg_krakatau vs guessword/1_artifice → NON-CLONE
[433/10000] 2026-06-07 14:45:25 | InfixConverter/test_0_orig_pg_krakatau vs guessword/test_0_orig_no_krakatau → NON-CLONE
[434/10000] 2026-06-07 14:45:27 | InfixConverter/test_0_orig_pg_krakatau vs guessword/test_0_orig_no_procyon → NON-CLONE
[435/10000] 2026-06-07 14:45:28 | InfixConverter/test_0_orig_pg_krakatau vs guessword/test_0_orig_pg_krakatau → NON-CLONE
[436/10000] 2026-06-07 14:45:29 | InfixConverter/test_0_orig_pg_krakatau vs guessword/test_0_orig_pg_procyon → NON-CLONE
[437/10000] 2026-06-07 14:45:30 | InfixConverter/test_0_orig_pg_krakatau vs guessword/test_1_artifice_no_krakatau → NON-CLONE
[438/10000] 2026-06-07 14:45:32 | InfixConverter/test_0_orig_pg_krakatau vs guessword/test_1_artifice_no_procyon → NON-CLONE
[439/10000] 2026-06-07 14:45:33 | InfixConverter/test_0_orig_pg_krakatau vs guessword/test_1_artifice_pg_krakatau → NON-CLONE
[440/10000] 2026-06-07 14:45:34 | InfixConverter/test_0_orig_pg_krakatau vs guessword/test_1_artifice_pg_procyon → NON-CLONE
[441/10000] 2026-06-07 14:45:35 | InfixConverter/test_0_orig_pg_krakatau vs hanoi/0_orig → NON-CLONE
[442/10000] 2026-06-07 14:45:37 | InfixConverter/test_0_orig_pg_krakatau vs hanoi/1_artifice → NON-CLONE
[443/10000] 2026-06-07 14:45:38 | InfixConverter/test_0_orig_pg_krakatau vs hanoi/test_0_orig_no_krakatau → NON-CLONE
[444/10000] 2026-06-07 14:45:40 | InfixConverter/test_0_orig_pg_krakatau vs hanoi/test_0_orig_no_procyon → NON-CLONE
[445/10000] 2026-06-07 14:45:41 | InfixConverter/test_0_orig_pg_krakatau vs hanoi/test_0_orig_pg_krakatau → NON-CLONE
[446/10000] 2026-06-07 14:45:43 | InfixConverter/test_0_orig_pg_krakatau vs hanoi/test_0_orig_pg_procyon → NON-CLONE
[447/10000] 2026-06-07 14:45:45 | InfixConverter/test_0_orig_pg_krakatau vs hanoi/test_1_artifice_no_krakatau → NON-CLONE
[448/10000] 2026-06-07 14:45:46 | InfixConverter/test_0_orig_pg_krakatau vs hanoi/test_1_artifice_no_procyon → NON-CLONE
[449/10000] 2026-06-07 14:45:48 | InfixConverter/test_0_orig_pg_krakatau vs hanoi/test_1_artifice_pg_krakatau → NON-CLONE
[450/10000] 2026-06-07 14:45:49 | InfixConverter/test_0_orig_pg_krakatau vs hanoi/test_1_artifice_pg_procyon → NON-CLONE
[451/10000] 2026-06-07 14:45:51 | InfixConverter/test_0_orig_pg_krakatau vs kaprekar/0_orig → NON-CLONE
[452/10000] 2026-06-07 14:45:52 | InfixConverter/test_0_orig_pg_krakatau vs kaprekar/1_artifice → NON-CLONE
[453/10000] 2026-06-07 14:45:53 | InfixConverter/test_0_orig_pg_krakatau vs kaprekar/test_0_orig_no_krakatau → NON-CLONE
[454/10000] 2026-06-07 14:45:55 | InfixConverter/test_0_orig_pg_krakatau vs kaprekar/test_0_orig_no_procyon → NON-CLONE
[455/10000] 2026-06-07 14:45:56 | InfixConverter/test_0_orig_pg_krakatau vs kaprekar/test_0_orig_pg_krakatau → NON-CLONE
[456/10000] 2026-06-07 14:45:57 | InfixConverter/test_0_orig_pg_krakatau vs kaprekar/test_0_orig_pg_procyon → NON-CLONE
[457/10000] 2026-06-07 14:45:58 | InfixConverter/test_0_orig_pg_krakatau vs kaprekar/test_1_artifice_no_krakatau → NON-CLONE
[458/10000] 2026-06-07 14:46:00 | InfixConverter/test_0_orig_pg_krakatau vs kaprekar/test_1_artifice_no_procyon → NON-CLONE
[459/10000] 2026-06-07 14:46:01 | InfixConverter/test_0_orig_pg_krakatau vs kaprekar/test_1_artifice_pg_krakatau → NON-CLONE
[460/10000] 2026-06-07 14:46:02 | InfixConverter/test_0_orig_pg_krakatau vs kaprekar/test_1_artifice_pg_procyon → NON-CLONE
[461/10000] 2026-06-07 14:46:04 | InfixConverter/test_0_orig_pg_krakatau vs queens/0_orig → NON-CLONE
[462/10000] 2026-06-07 14:46:05 | InfixConverter/test_0_orig_pg_krakatau vs queens/1_artifice → NON-CLONE
[463/10000] 2026-06-07 14:46:06 | InfixConverter/test_0_orig_pg_krakatau vs queens/test_0_orig_no_krakatau → NON-CLONE
[464/10000] 2026-06-07 14:46:08 | InfixConverter/test_0_orig_pg_krakatau vs queens/test_0_orig_no_procyon → NON-CLONE
[465/10000] 2026-06-07 14:46:09 | InfixConverter/test_0_orig_pg_krakatau vs queens/test_0_orig_pg_krakatau → NON-CLONE
[466/10000] 2026-06-07 14:46:10 | InfixConverter/test_0_orig_pg_krakatau vs queens/test_0_orig_pg_procyon → NON-CLONE
[467/10000] 2026-06-07 14:46:11 | InfixConverter/test_0_orig_pg_krakatau vs queens/test_1_artifice_no_krakatau → NON-CLONE
[468/10000] 2026-06-07 14:46:13 | InfixConverter/test_0_orig_pg_krakatau vs queens/test_1_artifice_no_procyon → NON-CLONE
[469/10000] 2026-06-07 14:46:14 | InfixConverter/test_0_orig_pg_krakatau vs queens/test_1_artifice_pg_krakatau → NON-CLONE
[470/10000] 2026-06-07 14:46:16 | InfixConverter/test_0_orig_pg_krakatau vs queens/test_1_artifice_pg_procyon → NON-CLONE
[471/10000] 2026-06-07 14:46:17 | InfixConverter/test_0_orig_pg_krakatau vs railroadcar/0_orig → NON-CLONE
[472/10000] 2026-06-07 14:46:18 | InfixConverter/test_0_orig_pg_krakatau vs railroadcar/1_artifice → NON-CLONE
[473/10000] 2026-06-07 14:46:20 | InfixConverter/test_0_orig_pg_krakatau vs railroadcar/test_0_orig_no_krakatau → NON-CLONE
[474/10000] 2026-06-07 14:46:21 | InfixConverter/test_0_orig_pg_krakatau vs railroadcar/test_0_orig_no_procyon → NON-CLONE
[475/10000] 2026-06-07 14:46:23 | InfixConverter/test_0_orig_pg_krakatau vs railroadcar/test_0_orig_pg_krakatau → NON-CLONE
[476/10000] 2026-06-07 14:46:24 | InfixConverter/test_0_orig_pg_krakatau vs railroadcar/test_0_orig_pg_procyon → NON-CLONE
[477/10000] 2026-06-07 14:46:26 | InfixConverter/test_0_orig_pg_krakatau vs railroadcar/test_1_artifice_no_krakatau → NON-CLONE
[478/10000] 2026-06-07 14:46:27 | InfixConverter/test_0_orig_pg_krakatau vs railroadcar/test_1_artifice_no_procyon → NON-CLONE
[479/10000] 2026-06-07 14:46:29 | InfixConverter/test_0_orig_pg_krakatau vs railroadcar/test_1_artifice_pg_krakatau → NON-CLONE
[480/10000] 2026-06-07 14:46:30 | InfixConverter/test_0_orig_pg_krakatau vs railroadcar/test_1_artifice_pg_procyon → NON-CLONE
[481/10000] 2026-06-07 14:46:31 | InfixConverter/test_0_orig_pg_krakatau vs slinkedlist/0_orig → NON-CLONE
[482/10000] 2026-06-07 14:46:33 | InfixConverter/test_0_orig_pg_krakatau vs slinkedlist/1_artifice → NON-CLONE
[483/10000] 2026-06-07 14:46:34 | InfixConverter/test_0_orig_pg_krakatau vs slinkedlist/test_0_orig_no_krakatau → NON-CLONE
[484/10000] 2026-06-07 14:46:35 | InfixConverter/test_0_orig_pg_krakatau vs slinkedlist/test_0_orig_no_procyon → NON-CLONE
[485/10000] 2026-06-07 14:46:37 | InfixConverter/test_0_orig_pg_krakatau vs slinkedlist/test_0_orig_pg_krakatau → NON-CLONE
[486/10000] 2026-06-07 14:46:38 | InfixConverter/test_0_orig_pg_krakatau vs slinkedlist/test_0_orig_pg_procyon → NON-CLONE
[487/10000] 2026-06-07 14:46:39 | InfixConverter/test_0_orig_pg_krakatau vs slinkedlist/test_1_artifice_no_krakatau → NON-CLONE
[488/10000] 2026-06-07 14:46:40 | InfixConverter/test_0_orig_pg_krakatau vs slinkedlist/test_1_artifice_no_procyon → NON-CLONE
[489/10000] 2026-06-07 14:46:41 | InfixConverter/test_0_orig_pg_krakatau vs slinkedlist/test_1_artifice_pg_krakatau → NON-CLONE
[490/10000] 2026-06-07 14:46:43 | InfixConverter/test_0_orig_pg_krakatau vs slinkedlist/test_1_artifice_pg_procyon → NON-CLONE
[491/10000] 2026-06-07 14:46:44 | InfixConverter/test_0_orig_pg_krakatau vs square/0_orig → NON-CLONE
[492/10000] 2026-06-07 14:46:45 | InfixConverter/test_0_orig_pg_krakatau vs square/1_artifice → NON-CLONE
[493/10000] 2026-06-07 14:46:47 | InfixConverter/test_0_orig_pg_krakatau vs square/test_0_orig_no_krakatau → NON-CLONE
[494/10000] 2026-06-07 14:46:48 | InfixConverter/test_0_orig_pg_krakatau vs square/test_0_orig_no_procyon → NON-CLONE
[495/10000] 2026-06-07 14:46:49 | InfixConverter/test_0_orig_pg_krakatau vs square/test_0_orig_pg_krakatau → NON-CLONE
[496/10000] 2026-06-07 14:46:51 | InfixConverter/test_0_orig_pg_krakatau vs square/test_0_orig_pg_procyon → NON-CLONE
[497/10000] 2026-06-07 14:46:53 | InfixConverter/test_0_orig_pg_krakatau vs square/test_1_artifice_no_krakatau → NON-CLONE
[498/10000] 2026-06-07 14:46:54 | InfixConverter/test_0_orig_pg_krakatau vs square/test_1_artifice_no_procyon → NON-CLONE
[499/10000] 2026-06-07 14:46:55 | InfixConverter/test_0_orig_pg_krakatau vs square/test_1_artifice_pg_krakatau → NON-CLONE
[500/10000] 2026-06-07 14:46:56 | InfixConverter/test_0_orig_pg_krakatau vs square/test_1_artifice_pg_procyon → NON-CLONE
[501/10000] 2026-06-07 14:46:58 | InfixConverter/test_0_orig_pg_procyon vs InfixConverter/0_orig → CLONE
[502/10000] 2026-06-07 14:46:59 | InfixConverter/test_0_orig_pg_procyon vs InfixConverter/1_artifice → CLONE
[503/10000] 2026-06-07 14:47:00 | InfixConverter/test_0_orig_pg_procyon vs InfixConverter/test_0_orig_no_krakatau → CLONE
[504/10000] 2026-06-07 14:47:01 | InfixConverter/test_0_orig_pg_procyon vs InfixConverter/test_0_orig_no_procyon → CLONE
[505/10000] 2026-06-07 14:47:02 | InfixConverter/test_0_orig_pg_procyon vs InfixConverter/test_0_orig_pg_krakatau → CLONE
[506/10000] 2026-06-07 14:47:04 | InfixConverter/test_0_orig_pg_procyon vs InfixConverter/test_0_orig_pg_procyon → CLONE
[507/10000] 2026-06-07 14:47:05 | InfixConverter/test_0_orig_pg_procyon vs InfixConverter/test_1_artifice_no_krakatau → CLONE
[508/10000] 2026-06-07 14:47:06 | InfixConverter/test_0_orig_pg_procyon vs InfixConverter/test_1_artifice_no_procyon → CLONE
[509/10000] 2026-06-07 14:47:07 | InfixConverter/test_0_orig_pg_procyon vs InfixConverter/test_1_artifice_pg_krakatau → CLONE
[510/10000] 2026-06-07 14:47:08 | InfixConverter/test_0_orig_pg_procyon vs InfixConverter/test_1_artifice_pg_procyon → CLONE
[511/10000] 2026-06-07 14:47:10 | InfixConverter/test_0_orig_pg_procyon vs SqrtAlgorithm/0_orig → NON-CLONE
[512/10000] 2026-06-07 14:47:11 | InfixConverter/test_0_orig_pg_procyon vs SqrtAlgorithm/1_artifice → NON-CLONE
[513/10000] 2026-06-07 14:47:12 | InfixConverter/test_0_orig_pg_procyon vs SqrtAlgorithm/test_0_orig_no_krakatau → NON-CLONE
[514/10000] 2026-06-07 14:47:13 | InfixConverter/test_0_orig_pg_procyon vs SqrtAlgorithm/test_0_orig_no_procyon → NON-CLONE
[515/10000] 2026-06-07 14:47:14 | InfixConverter/test_0_orig_pg_procyon vs SqrtAlgorithm/test_0_orig_pg_krakatau → NON-CLONE
[516/10000] 2026-06-07 14:47:15 | InfixConverter/test_0_orig_pg_procyon vs SqrtAlgorithm/test_0_orig_pg_procyon → NON-CLONE
[517/10000] 2026-06-07 14:47:17 | InfixConverter/test_0_orig_pg_procyon vs SqrtAlgorithm/test_1_artifice_no_krakatau → NON-CLONE
[518/10000] 2026-06-07 14:47:18 | InfixConverter/test_0_orig_pg_procyon vs SqrtAlgorithm/test_1_artifice_no_procyon → NON-CLONE
[519/10000] 2026-06-07 14:47:19 | InfixConverter/test_0_orig_pg_procyon vs SqrtAlgorithm/test_1_artifice_pg_krakatau → NON-CLONE
[520/10000] 2026-06-07 14:47:20 | InfixConverter/test_0_orig_pg_procyon vs SqrtAlgorithm/test_1_artifice_pg_procyon → NON-CLONE
[521/10000] 2026-06-07 14:47:21 | InfixConverter/test_0_orig_pg_procyon vs bubblesort/0_orig → NON-CLONE
[522/10000] 2026-06-07 14:47:22 | InfixConverter/test_0_orig_pg_procyon vs bubblesort/1_artifice → NON-CLONE
[523/10000] 2026-06-07 14:47:23 | InfixConverter/test_0_orig_pg_procyon vs bubblesort/test_0_orig_no_krakatau → NON-CLONE
[524/10000] 2026-06-07 14:47:24 | InfixConverter/test_0_orig_pg_procyon vs bubblesort/test_0_orig_no_procyon → NON-CLONE
[525/10000] 2026-06-07 14:47:25 | InfixConverter/test_0_orig_pg_procyon vs bubblesort/test_0_orig_pg_krakatau → NON-CLONE
[526/10000] 2026-06-07 14:47:26 | InfixConverter/test_0_orig_pg_procyon vs bubblesort/test_0_orig_pg_procyon → NON-CLONE
[527/10000] 2026-06-07 14:47:27 | InfixConverter/test_0_orig_pg_procyon vs bubblesort/test_1_artifice_no_krakatau → NON-CLONE
[528/10000] 2026-06-07 14:47:28 | InfixConverter/test_0_orig_pg_procyon vs bubblesort/test_1_artifice_no_procyon → NON-CLONE
[529/10000] 2026-06-07 14:47:29 | InfixConverter/test_0_orig_pg_procyon vs bubblesort/test_1_artifice_pg_krakatau → NON-CLONE
[530/10000] 2026-06-07 14:47:30 | InfixConverter/test_0_orig_pg_procyon vs bubblesort/test_1_artifice_pg_procyon → NON-CLONE
[531/10000] 2026-06-07 14:47:31 | InfixConverter/test_0_orig_pg_procyon vs guessword/0_orig → NON-CLONE
[532/10000] 2026-06-07 14:47:32 | InfixConverter/test_0_orig_pg_procyon vs guessword/1_artifice → NON-CLONE
[533/10000] 2026-06-07 14:47:34 | InfixConverter/test_0_orig_pg_procyon vs guessword/test_0_orig_no_krakatau → NON-CLONE
[534/10000] 2026-06-07 14:47:35 | InfixConverter/test_0_orig_pg_procyon vs guessword/test_0_orig_no_procyon → NON-CLONE
[535/10000] 2026-06-07 14:47:36 | InfixConverter/test_0_orig_pg_procyon vs guessword/test_0_orig_pg_krakatau → NON-CLONE
[536/10000] 2026-06-07 14:47:38 | InfixConverter/test_0_orig_pg_procyon vs guessword/test_0_orig_pg_procyon → NON-CLONE
[537/10000] 2026-06-07 14:47:39 | InfixConverter/test_0_orig_pg_procyon vs guessword/test_1_artifice_no_krakatau → NON-CLONE
[538/10000] 2026-06-07 14:47:40 | InfixConverter/test_0_orig_pg_procyon vs guessword/test_1_artifice_no_procyon → NON-CLONE
[539/10000] 2026-06-07 14:47:41 | InfixConverter/test_0_orig_pg_procyon vs guessword/test_1_artifice_pg_krakatau → NON-CLONE
[540/10000] 2026-06-07 14:47:43 | InfixConverter/test_0_orig_pg_procyon vs guessword/test_1_artifice_pg_procyon → NON-CLONE
[541/10000] 2026-06-07 14:47:44 | InfixConverter/test_0_orig_pg_procyon vs hanoi/0_orig → NON-CLONE
[542/10000] 2026-06-07 14:47:46 | InfixConverter/test_0_orig_pg_procyon vs hanoi/1_artifice → NON-CLONE
[543/10000] 2026-06-07 14:47:47 | InfixConverter/test_0_orig_pg_procyon vs hanoi/test_0_orig_no_krakatau → NON-CLONE
[544/10000] 2026-06-07 14:47:49 | InfixConverter/test_0_orig_pg_procyon vs hanoi/test_0_orig_no_procyon → NON-CLONE
[545/10000] 2026-06-07 14:47:51 | InfixConverter/test_0_orig_pg_procyon vs hanoi/test_0_orig_pg_krakatau → NON-CLONE
[546/10000] 2026-06-07 14:47:52 | InfixConverter/test_0_orig_pg_procyon vs hanoi/test_0_orig_pg_procyon → NON-CLONE
[547/10000] 2026-06-07 14:47:54 | InfixConverter/test_0_orig_pg_procyon vs hanoi/test_1_artifice_no_krakatau → NON-CLONE
[548/10000] 2026-06-07 14:47:55 | InfixConverter/test_0_orig_pg_procyon vs hanoi/test_1_artifice_no_procyon → NON-CLONE
[549/10000] 2026-06-07 14:47:57 | InfixConverter/test_0_orig_pg_procyon vs hanoi/test_1_artifice_pg_krakatau → NON-CLONE
[550/10000] 2026-06-07 14:47:58 | InfixConverter/test_0_orig_pg_procyon vs hanoi/test_1_artifice_pg_procyon → NON-CLONE
[551/10000] 2026-06-07 14:47:59 | InfixConverter/test_0_orig_pg_procyon vs kaprekar/0_orig → NON-CLONE
[552/10000] 2026-06-07 14:48:01 | InfixConverter/test_0_orig_pg_procyon vs kaprekar/1_artifice → NON-CLONE
[553/10000] 2026-06-07 14:48:02 | InfixConverter/test_0_orig_pg_procyon vs kaprekar/test_0_orig_no_krakatau → NON-CLONE
[554/10000] 2026-06-07 14:48:03 | InfixConverter/test_0_orig_pg_procyon vs kaprekar/test_0_orig_no_procyon → NON-CLONE
[555/10000] 2026-06-07 14:48:05 | InfixConverter/test_0_orig_pg_procyon vs kaprekar/test_0_orig_pg_krakatau → NON-CLONE
[556/10000] 2026-06-07 14:48:06 | InfixConverter/test_0_orig_pg_procyon vs kaprekar/test_0_orig_pg_procyon → NON-CLONE
[557/10000] 2026-06-07 14:48:07 | InfixConverter/test_0_orig_pg_procyon vs kaprekar/test_1_artifice_no_krakatau → NON-CLONE
[558/10000] 2026-06-07 14:48:09 | InfixConverter/test_0_orig_pg_procyon vs kaprekar/test_1_artifice_no_procyon → NON-CLONE
[559/10000] 2026-06-07 14:48:10 | InfixConverter/test_0_orig_pg_procyon vs kaprekar/test_1_artifice_pg_krakatau → NON-CLONE
[560/10000] 2026-06-07 14:48:11 | InfixConverter/test_0_orig_pg_procyon vs kaprekar/test_1_artifice_pg_procyon → NON-CLONE
[561/10000] 2026-06-07 14:48:13 | InfixConverter/test_0_orig_pg_procyon vs queens/0_orig → NON-CLONE
[562/10000] 2026-06-07 14:48:14 | InfixConverter/test_0_orig_pg_procyon vs queens/1_artifice → NON-CLONE
[563/10000] 2026-06-07 14:48:16 | InfixConverter/test_0_orig_pg_procyon vs queens/test_0_orig_no_krakatau → NON-CLONE
[564/10000] 2026-06-07 14:48:17 | InfixConverter/test_0_orig_pg_procyon vs queens/test_0_orig_no_procyon → NON-CLONE
[565/10000] 2026-06-07 14:48:18 | InfixConverter/test_0_orig_pg_procyon vs queens/test_0_orig_pg_krakatau → NON-CLONE
[566/10000] 2026-06-07 14:48:19 | InfixConverter/test_0_orig_pg_procyon vs queens/test_0_orig_pg_procyon → NON-CLONE
[567/10000] 2026-06-07 14:48:21 | InfixConverter/test_0_orig_pg_procyon vs queens/test_1_artifice_no_krakatau → NON-CLONE
[568/10000] 2026-06-07 14:48:22 | InfixConverter/test_0_orig_pg_procyon vs queens/test_1_artifice_no_procyon → NON-CLONE
[569/10000] 2026-06-07 14:48:23 | InfixConverter/test_0_orig_pg_procyon vs queens/test_1_artifice_pg_krakatau → NON-CLONE
[570/10000] 2026-06-07 14:48:24 | InfixConverter/test_0_orig_pg_procyon vs queens/test_1_artifice_pg_procyon → NON-CLONE
[571/10000] 2026-06-07 14:48:26 | InfixConverter/test_0_orig_pg_procyon vs railroadcar/0_orig → NON-CLONE
[572/10000] 2026-06-07 14:48:27 | InfixConverter/test_0_orig_pg_procyon vs railroadcar/1_artifice → NON-CLONE
[573/10000] 2026-06-07 14:48:28 | InfixConverter/test_0_orig_pg_procyon vs railroadcar/test_0_orig_no_krakatau → NON-CLONE
[574/10000] 2026-06-07 14:48:30 | InfixConverter/test_0_orig_pg_procyon vs railroadcar/test_0_orig_no_procyon → NON-CLONE
[575/10000] 2026-06-07 14:48:31 | InfixConverter/test_0_orig_pg_procyon vs railroadcar/test_0_orig_pg_krakatau → NON-CLONE
[576/10000] 2026-06-07 14:48:32 | InfixConverter/test_0_orig_pg_procyon vs railroadcar/test_0_orig_pg_procyon → NON-CLONE
[577/10000] 2026-06-07 14:48:34 | InfixConverter/test_0_orig_pg_procyon vs railroadcar/test_1_artifice_no_krakatau → NON-CLONE
[578/10000] 2026-06-07 14:48:35 | InfixConverter/test_0_orig_pg_procyon vs railroadcar/test_1_artifice_no_procyon → NON-CLONE
[579/10000] 2026-06-07 14:48:36 | InfixConverter/test_0_orig_pg_procyon vs railroadcar/test_1_artifice_pg_krakatau → NON-CLONE
[580/10000] 2026-06-07 14:48:38 | InfixConverter/test_0_orig_pg_procyon vs railroadcar/test_1_artifice_pg_procyon → NON-CLONE
[581/10000] 2026-06-07 14:48:39 | InfixConverter/test_0_orig_pg_procyon vs slinkedlist/0_orig → NON-CLONE
[582/10000] 2026-06-07 14:48:41 | InfixConverter/test_0_orig_pg_procyon vs slinkedlist/1_artifice → NON-CLONE
[583/10000] 2026-06-07 14:48:42 | InfixConverter/test_0_orig_pg_procyon vs slinkedlist/test_0_orig_no_krakatau → NON-CLONE
[584/10000] 2026-06-07 14:48:43 | InfixConverter/test_0_orig_pg_procyon vs slinkedlist/test_0_orig_no_procyon → NON-CLONE
[585/10000] 2026-06-07 14:48:44 | InfixConverter/test_0_orig_pg_procyon vs slinkedlist/test_0_orig_pg_krakatau → NON-CLONE
[586/10000] 2026-06-07 14:48:45 | InfixConverter/test_0_orig_pg_procyon vs slinkedlist/test_0_orig_pg_procyon → NON-CLONE
[587/10000] 2026-06-07 14:48:47 | InfixConverter/test_0_orig_pg_procyon vs slinkedlist/test_1_artifice_no_krakatau → NON-CLONE
[588/10000] 2026-06-07 14:48:48 | InfixConverter/test_0_orig_pg_procyon vs slinkedlist/test_1_artifice_no_procyon → NON-CLONE
[589/10000] 2026-06-07 14:48:49 | InfixConverter/test_0_orig_pg_procyon vs slinkedlist/test_1_artifice_pg_krakatau → NON-CLONE
[590/10000] 2026-06-07 14:48:50 | InfixConverter/test_0_orig_pg_procyon vs slinkedlist/test_1_artifice_pg_procyon → NON-CLONE
[591/10000] 2026-06-07 14:48:51 | InfixConverter/test_0_orig_pg_procyon vs square/0_orig → NON-CLONE
[592/10000] 2026-06-07 14:48:52 | InfixConverter/test_0_orig_pg_procyon vs square/1_artifice → NON-CLONE
[593/10000] 2026-06-07 14:48:54 | InfixConverter/test_0_orig_pg_procyon vs square/test_0_orig_no_krakatau → NON-CLONE
[594/10000] 2026-06-07 14:48:55 | InfixConverter/test_0_orig_pg_procyon vs square/test_0_orig_no_procyon → NON-CLONE
[595/10000] 2026-06-07 14:48:57 | InfixConverter/test_0_orig_pg_procyon vs square/test_0_orig_pg_krakatau → NON-CLONE
[596/10000] 2026-06-07 14:48:58 | InfixConverter/test_0_orig_pg_procyon vs square/test_0_orig_pg_procyon → NON-CLONE
[597/10000] 2026-06-07 14:49:00 | InfixConverter/test_0_orig_pg_procyon vs square/test_1_artifice_no_krakatau → NON-CLONE
[598/10000] 2026-06-07 14:49:01 | InfixConverter/test_0_orig_pg_procyon vs square/test_1_artifice_no_procyon → NON-CLONE
[599/10000] 2026-06-07 14:49:03 | InfixConverter/test_0_orig_pg_procyon vs square/test_1_artifice_pg_krakatau → NON-CLONE
[600/10000] 2026-06-07 14:49:04 | InfixConverter/test_0_orig_pg_procyon vs square/test_1_artifice_pg_procyon → NON-CLONE
[601/10000] 2026-06-07 14:49:05 | InfixConverter/test_1_artifice_no_krakatau vs InfixConverter/0_orig → CLONE
[602/10000] 2026-06-07 14:49:06 | InfixConverter/test_1_artifice_no_krakatau vs InfixConverter/1_artifice → CLONE
[603/10000] 2026-06-07 14:49:07 | InfixConverter/test_1_artifice_no_krakatau vs InfixConverter/test_0_orig_no_krakatau → CLONE
[604/10000] 2026-06-07 14:49:08 | InfixConverter/test_1_artifice_no_krakatau vs InfixConverter/test_0_orig_no_procyon → CLONE
[605/10000] 2026-06-07 14:49:10 | InfixConverter/test_1_artifice_no_krakatau vs InfixConverter/test_0_orig_pg_krakatau → CLONE
[606/10000] 2026-06-07 14:49:11 | InfixConverter/test_1_artifice_no_krakatau vs InfixConverter/test_0_orig_pg_procyon → CLONE
[607/10000] 2026-06-07 14:49:12 | InfixConverter/test_1_artifice_no_krakatau vs InfixConverter/test_1_artifice_no_krakatau → CLONE
[608/10000] 2026-06-07 14:49:13 | InfixConverter/test_1_artifice_no_krakatau vs InfixConverter/test_1_artifice_no_procyon → CLONE
[609/10000] 2026-06-07 14:49:14 | InfixConverter/test_1_artifice_no_krakatau vs InfixConverter/test_1_artifice_pg_krakatau → CLONE
[610/10000] 2026-06-07 14:49:15 | InfixConverter/test_1_artifice_no_krakatau vs InfixConverter/test_1_artifice_pg_procyon → CLONE
[611/10000] 2026-06-07 14:49:16 | InfixConverter/test_1_artifice_no_krakatau vs SqrtAlgorithm/0_orig → NON-CLONE
[612/10000] 2026-06-07 14:49:18 | InfixConverter/test_1_artifice_no_krakatau vs SqrtAlgorithm/1_artifice → NON-CLONE
[613/10000] 2026-06-07 14:49:19 | InfixConverter/test_1_artifice_no_krakatau vs SqrtAlgorithm/test_0_orig_no_krakatau → NON-CLONE
[614/10000] 2026-06-07 14:49:20 | InfixConverter/test_1_artifice_no_krakatau vs SqrtAlgorithm/test_0_orig_no_procyon → NON-CLONE
[615/10000] 2026-06-07 14:49:21 | InfixConverter/test_1_artifice_no_krakatau vs SqrtAlgorithm/test_0_orig_pg_krakatau → NON-CLONE
[616/10000] 2026-06-07 14:49:22 | InfixConverter/test_1_artifice_no_krakatau vs SqrtAlgorithm/test_0_orig_pg_procyon → NON-CLONE
[617/10000] 2026-06-07 14:49:23 | InfixConverter/test_1_artifice_no_krakatau vs SqrtAlgorithm/test_1_artifice_no_krakatau → NON-CLONE
[618/10000] 2026-06-07 14:49:24 | InfixConverter/test_1_artifice_no_krakatau vs SqrtAlgorithm/test_1_artifice_no_procyon → NON-CLONE
[619/10000] 2026-06-07 14:49:25 | InfixConverter/test_1_artifice_no_krakatau vs SqrtAlgorithm/test_1_artifice_pg_krakatau → NON-CLONE
[620/10000] 2026-06-07 14:49:27 | InfixConverter/test_1_artifice_no_krakatau vs SqrtAlgorithm/test_1_artifice_pg_procyon → NON-CLONE
[621/10000] 2026-06-07 14:49:28 | InfixConverter/test_1_artifice_no_krakatau vs bubblesort/0_orig → NON-CLONE
[622/10000] 2026-06-07 14:49:29 | InfixConverter/test_1_artifice_no_krakatau vs bubblesort/1_artifice → NON-CLONE
[623/10000] 2026-06-07 14:49:30 | InfixConverter/test_1_artifice_no_krakatau vs bubblesort/test_0_orig_no_krakatau → NON-CLONE
[624/10000] 2026-06-07 14:49:31 | InfixConverter/test_1_artifice_no_krakatau vs bubblesort/test_0_orig_no_procyon → NON-CLONE
[625/10000] 2026-06-07 14:49:32 | InfixConverter/test_1_artifice_no_krakatau vs bubblesort/test_0_orig_pg_krakatau → NON-CLONE
[626/10000] 2026-06-07 14:49:33 | InfixConverter/test_1_artifice_no_krakatau vs bubblesort/test_0_orig_pg_procyon → NON-CLONE
[627/10000] 2026-06-07 14:49:34 | InfixConverter/test_1_artifice_no_krakatau vs bubblesort/test_1_artifice_no_krakatau → NON-CLONE
[628/10000] 2026-06-07 14:49:36 | InfixConverter/test_1_artifice_no_krakatau vs bubblesort/test_1_artifice_no_procyon → NON-CLONE
[629/10000] 2026-06-07 14:49:37 | InfixConverter/test_1_artifice_no_krakatau vs bubblesort/test_1_artifice_pg_krakatau → NON-CLONE
[630/10000] 2026-06-07 14:49:38 | InfixConverter/test_1_artifice_no_krakatau vs bubblesort/test_1_artifice_pg_procyon → NON-CLONE
[631/10000] 2026-06-07 14:49:39 | InfixConverter/test_1_artifice_no_krakatau vs guessword/0_orig → NON-CLONE
[632/10000] 2026-06-07 14:49:41 | InfixConverter/test_1_artifice_no_krakatau vs guessword/1_artifice → NON-CLONE
[633/10000] 2026-06-07 14:49:42 | InfixConverter/test_1_artifice_no_krakatau vs guessword/test_0_orig_no_krakatau → NON-CLONE
[634/10000] 2026-06-07 14:49:44 | InfixConverter/test_1_artifice_no_krakatau vs guessword/test_0_orig_no_procyon → NON-CLONE
[635/10000] 2026-06-07 14:49:45 | InfixConverter/test_1_artifice_no_krakatau vs guessword/test_0_orig_pg_krakatau → NON-CLONE
[636/10000] 2026-06-07 14:49:46 | InfixConverter/test_1_artifice_no_krakatau vs guessword/test_0_orig_pg_procyon → NON-CLONE
[637/10000] 2026-06-07 14:49:48 | InfixConverter/test_1_artifice_no_krakatau vs guessword/test_1_artifice_no_krakatau → NON-CLONE
[638/10000] 2026-06-07 14:49:49 | InfixConverter/test_1_artifice_no_krakatau vs guessword/test_1_artifice_no_procyon → NON-CLONE
[639/10000] 2026-06-07 14:49:51 | InfixConverter/test_1_artifice_no_krakatau vs guessword/test_1_artifice_pg_krakatau → NON-CLONE
[640/10000] 2026-06-07 14:49:52 | InfixConverter/test_1_artifice_no_krakatau vs guessword/test_1_artifice_pg_procyon → NON-CLONE
[641/10000] 2026-06-07 14:49:53 | InfixConverter/test_1_artifice_no_krakatau vs hanoi/0_orig → NON-CLONE
[642/10000] 2026-06-07 14:49:55 | InfixConverter/test_1_artifice_no_krakatau vs hanoi/1_artifice → NON-CLONE
[643/10000] 2026-06-07 14:49:57 | InfixConverter/test_1_artifice_no_krakatau vs hanoi/test_0_orig_no_krakatau → NON-CLONE
[644/10000] 2026-06-07 14:49:58 | InfixConverter/test_1_artifice_no_krakatau vs hanoi/test_0_orig_no_procyon → NON-CLONE
[645/10000] 2026-06-07 14:49:59 | InfixConverter/test_1_artifice_no_krakatau vs hanoi/test_0_orig_pg_krakatau → NON-CLONE
[646/10000] 2026-06-07 14:50:01 | InfixConverter/test_1_artifice_no_krakatau vs hanoi/test_0_orig_pg_procyon → NON-CLONE
[647/10000] 2026-06-07 14:50:03 | InfixConverter/test_1_artifice_no_krakatau vs hanoi/test_1_artifice_no_krakatau → NON-CLONE
[648/10000] 2026-06-07 14:50:04 | InfixConverter/test_1_artifice_no_krakatau vs hanoi/test_1_artifice_no_procyon → NON-CLONE
[649/10000] 2026-06-07 14:50:05 | InfixConverter/test_1_artifice_no_krakatau vs hanoi/test_1_artifice_pg_krakatau → NON-CLONE
[650/10000] 2026-06-07 14:50:07 | InfixConverter/test_1_artifice_no_krakatau vs hanoi/test_1_artifice_pg_procyon → NON-CLONE
[651/10000] 2026-06-07 14:50:08 | InfixConverter/test_1_artifice_no_krakatau vs kaprekar/0_orig → NON-CLONE
[652/10000] 2026-06-07 14:50:09 | InfixConverter/test_1_artifice_no_krakatau vs kaprekar/1_artifice → NON-CLONE
[653/10000] 2026-06-07 14:50:11 | InfixConverter/test_1_artifice_no_krakatau vs kaprekar/test_0_orig_no_krakatau → NON-CLONE
[654/10000] 2026-06-07 14:50:12 | InfixConverter/test_1_artifice_no_krakatau vs kaprekar/test_0_orig_no_procyon → NON-CLONE
[655/10000] 2026-06-07 14:50:13 | InfixConverter/test_1_artifice_no_krakatau vs kaprekar/test_0_orig_pg_krakatau → NON-CLONE
[656/10000] 2026-06-07 14:50:15 | InfixConverter/test_1_artifice_no_krakatau vs kaprekar/test_0_orig_pg_procyon → NON-CLONE
[657/10000] 2026-06-07 14:50:16 | InfixConverter/test_1_artifice_no_krakatau vs kaprekar/test_1_artifice_no_krakatau → NON-CLONE
[658/10000] 2026-06-07 14:50:18 | InfixConverter/test_1_artifice_no_krakatau vs kaprekar/test_1_artifice_no_procyon → NON-CLONE
[659/10000] 2026-06-07 14:50:19 | InfixConverter/test_1_artifice_no_krakatau vs kaprekar/test_1_artifice_pg_krakatau → NON-CLONE
[660/10000] 2026-06-07 14:50:21 | InfixConverter/test_1_artifice_no_krakatau vs kaprekar/test_1_artifice_pg_procyon → NON-CLONE
[661/10000] 2026-06-07 14:50:22 | InfixConverter/test_1_artifice_no_krakatau vs queens/0_orig → NON-CLONE
[662/10000] 2026-06-07 14:50:23 | InfixConverter/test_1_artifice_no_krakatau vs queens/1_artifice → NON-CLONE
[663/10000] 2026-06-07 14:50:24 | InfixConverter/test_1_artifice_no_krakatau vs queens/test_0_orig_no_krakatau → NON-CLONE
[664/10000] 2026-06-07 14:50:26 | InfixConverter/test_1_artifice_no_krakatau vs queens/test_0_orig_no_procyon → NON-CLONE
[665/10000] 2026-06-07 14:50:27 | InfixConverter/test_1_artifice_no_krakatau vs queens/test_0_orig_pg_krakatau → NON-CLONE
[666/10000] 2026-06-07 14:50:28 | InfixConverter/test_1_artifice_no_krakatau vs queens/test_0_orig_pg_procyon → NON-CLONE
[667/10000] 2026-06-07 14:50:29 | InfixConverter/test_1_artifice_no_krakatau vs queens/test_1_artifice_no_krakatau → NON-CLONE
[668/10000] 2026-06-07 14:50:30 | InfixConverter/test_1_artifice_no_krakatau vs queens/test_1_artifice_no_procyon → NON-CLONE
[669/10000] 2026-06-07 14:50:31 | InfixConverter/test_1_artifice_no_krakatau vs queens/test_1_artifice_pg_krakatau → NON-CLONE
[670/10000] 2026-06-07 14:50:32 | InfixConverter/test_1_artifice_no_krakatau vs queens/test_1_artifice_pg_procyon → NON-CLONE
[671/10000] 2026-06-07 14:50:34 | InfixConverter/test_1_artifice_no_krakatau vs railroadcar/0_orig → NON-CLONE
[672/10000] 2026-06-07 14:50:35 | InfixConverter/test_1_artifice_no_krakatau vs railroadcar/1_artifice → NON-CLONE
[673/10000] 2026-06-07 14:50:36 | InfixConverter/test_1_artifice_no_krakatau vs railroadcar/test_0_orig_no_krakatau → NON-CLONE
[674/10000] 2026-06-07 14:50:37 | InfixConverter/test_1_artifice_no_krakatau vs railroadcar/test_0_orig_no_procyon → NON-CLONE
[675/10000] 2026-06-07 14:50:39 | InfixConverter/test_1_artifice_no_krakatau vs railroadcar/test_0_orig_pg_krakatau → NON-CLONE
[676/10000] 2026-06-07 14:50:40 | InfixConverter/test_1_artifice_no_krakatau vs railroadcar/test_0_orig_pg_procyon → NON-CLONE
[677/10000] 2026-06-07 14:50:42 | InfixConverter/test_1_artifice_no_krakatau vs railroadcar/test_1_artifice_no_krakatau → NON-CLONE
[678/10000] 2026-06-07 14:50:43 | InfixConverter/test_1_artifice_no_krakatau vs railroadcar/test_1_artifice_no_procyon → NON-CLONE
[679/10000] 2026-06-07 14:50:45 | InfixConverter/test_1_artifice_no_krakatau vs railroadcar/test_1_artifice_pg_krakatau → NON-CLONE
[680/10000] 2026-06-07 14:50:46 | InfixConverter/test_1_artifice_no_krakatau vs railroadcar/test_1_artifice_pg_procyon → NON-CLONE
[681/10000] 2026-06-07 14:50:48 | InfixConverter/test_1_artifice_no_krakatau vs slinkedlist/0_orig → NON-CLONE
[682/10000] 2026-06-07 14:50:49 | InfixConverter/test_1_artifice_no_krakatau vs slinkedlist/1_artifice → NON-CLONE
[683/10000] 2026-06-07 14:50:50 | InfixConverter/test_1_artifice_no_krakatau vs slinkedlist/test_0_orig_no_krakatau → NON-CLONE
[684/10000] 2026-06-07 14:50:52 | InfixConverter/test_1_artifice_no_krakatau vs slinkedlist/test_0_orig_no_procyon → NON-CLONE
[685/10000] 2026-06-07 14:50:53 | InfixConverter/test_1_artifice_no_krakatau vs slinkedlist/test_0_orig_pg_krakatau → NON-CLONE
[686/10000] 2026-06-07 14:50:54 | InfixConverter/test_1_artifice_no_krakatau vs slinkedlist/test_0_orig_pg_procyon → NON-CLONE
[687/10000] 2026-06-07 14:50:56 | InfixConverter/test_1_artifice_no_krakatau vs slinkedlist/test_1_artifice_no_krakatau → NON-CLONE
[688/10000] 2026-06-07 14:50:57 | InfixConverter/test_1_artifice_no_krakatau vs slinkedlist/test_1_artifice_no_procyon → NON-CLONE
[689/10000] 2026-06-07 14:50:59 | InfixConverter/test_1_artifice_no_krakatau vs slinkedlist/test_1_artifice_pg_krakatau → NON-CLONE
[690/10000] 2026-06-07 14:51:00 | InfixConverter/test_1_artifice_no_krakatau vs slinkedlist/test_1_artifice_pg_procyon → NON-CLONE
[691/10000] 2026-06-07 14:51:02 | InfixConverter/test_1_artifice_no_krakatau vs square/0_orig → NON-CLONE
[692/10000] 2026-06-07 14:51:03 | InfixConverter/test_1_artifice_no_krakatau vs square/1_artifice → NON-CLONE
[693/10000] 2026-06-07 14:51:05 | InfixConverter/test_1_artifice_no_krakatau vs square/test_0_orig_no_krakatau → NON-CLONE
[694/10000] 2026-06-07 14:51:06 | InfixConverter/test_1_artifice_no_krakatau vs square/test_0_orig_no_procyon → NON-CLONE
[695/10000] 2026-06-07 14:51:08 | InfixConverter/test_1_artifice_no_krakatau vs square/test_0_orig_pg_krakatau → NON-CLONE
[696/10000] 2026-06-07 14:51:09 | InfixConverter/test_1_artifice_no_krakatau vs square/test_0_orig_pg_procyon → NON-CLONE
[697/10000] 2026-06-07 14:51:10 | InfixConverter/test_1_artifice_no_krakatau vs square/test_1_artifice_no_krakatau → NON-CLONE
[698/10000] 2026-06-07 14:51:11 | InfixConverter/test_1_artifice_no_krakatau vs square/test_1_artifice_no_procyon → NON-CLONE
[699/10000] 2026-06-07 14:51:13 | InfixConverter/test_1_artifice_no_krakatau vs square/test_1_artifice_pg_krakatau → NON-CLONE
[700/10000] 2026-06-07 14:51:14 | InfixConverter/test_1_artifice_no_krakatau vs square/test_1_artifice_pg_procyon → NON-CLONE
[701/10000] 2026-06-07 14:51:15 | InfixConverter/test_1_artifice_no_procyon vs InfixConverter/0_orig → CLONE
[702/10000] 2026-06-07 14:51:16 | InfixConverter/test_1_artifice_no_procyon vs InfixConverter/1_artifice → CLONE
[703/10000] 2026-06-07 14:51:17 | InfixConverter/test_1_artifice_no_procyon vs InfixConverter/test_0_orig_no_krakatau → CLONE
[704/10000] 2026-06-07 14:51:18 | InfixConverter/test_1_artifice_no_procyon vs InfixConverter/test_0_orig_no_procyon → CLONE
[705/10000] 2026-06-07 14:51:20 | InfixConverter/test_1_artifice_no_procyon vs InfixConverter/test_0_orig_pg_krakatau → CLONE
[706/10000] 2026-06-07 14:51:21 | InfixConverter/test_1_artifice_no_procyon vs InfixConverter/test_0_orig_pg_procyon → CLONE
[707/10000] 2026-06-07 14:51:22 | InfixConverter/test_1_artifice_no_procyon vs InfixConverter/test_1_artifice_no_krakatau → CLONE
[708/10000] 2026-06-07 14:51:23 | InfixConverter/test_1_artifice_no_procyon vs InfixConverter/test_1_artifice_no_procyon → CLONE
[709/10000] 2026-06-07 14:51:25 | InfixConverter/test_1_artifice_no_procyon vs InfixConverter/test_1_artifice_pg_krakatau → CLONE
[710/10000] 2026-06-07 14:51:26 | InfixConverter/test_1_artifice_no_procyon vs InfixConverter/test_1_artifice_pg_procyon → CLONE
[711/10000] 2026-06-07 14:51:27 | InfixConverter/test_1_artifice_no_procyon vs SqrtAlgorithm/0_orig → NON-CLONE
[712/10000] 2026-06-07 14:51:28 | InfixConverter/test_1_artifice_no_procyon vs SqrtAlgorithm/1_artifice → NON-CLONE
[713/10000] 2026-06-07 14:51:29 | InfixConverter/test_1_artifice_no_procyon vs SqrtAlgorithm/test_0_orig_no_krakatau → NON-CLONE
[714/10000] 2026-06-07 14:51:30 | InfixConverter/test_1_artifice_no_procyon vs SqrtAlgorithm/test_0_orig_no_procyon → NON-CLONE
[715/10000] 2026-06-07 14:51:32 | InfixConverter/test_1_artifice_no_procyon vs SqrtAlgorithm/test_0_orig_pg_krakatau → NON-CLONE
[716/10000] 2026-06-07 14:51:33 | InfixConverter/test_1_artifice_no_procyon vs SqrtAlgorithm/test_0_orig_pg_procyon → NON-CLONE
[717/10000] 2026-06-07 14:51:34 | InfixConverter/test_1_artifice_no_procyon vs SqrtAlgorithm/test_1_artifice_no_krakatau → NON-CLONE
[718/10000] 2026-06-07 14:51:35 | InfixConverter/test_1_artifice_no_procyon vs SqrtAlgorithm/test_1_artifice_no_procyon → NON-CLONE
[719/10000] 2026-06-07 14:51:36 | InfixConverter/test_1_artifice_no_procyon vs SqrtAlgorithm/test_1_artifice_pg_krakatau → NON-CLONE
[720/10000] 2026-06-07 14:51:37 | InfixConverter/test_1_artifice_no_procyon vs SqrtAlgorithm/test_1_artifice_pg_procyon → NON-CLONE
[721/10000] 2026-06-07 14:51:39 | InfixConverter/test_1_artifice_no_procyon vs bubblesort/0_orig → NON-CLONE
[722/10000] 2026-06-07 14:51:40 | InfixConverter/test_1_artifice_no_procyon vs bubblesort/1_artifice → NON-CLONE
[723/10000] 2026-06-07 14:51:42 | InfixConverter/test_1_artifice_no_procyon vs bubblesort/test_0_orig_no_krakatau → NON-CLONE
[724/10000] 2026-06-07 14:51:43 | InfixConverter/test_1_artifice_no_procyon vs bubblesort/test_0_orig_no_procyon → NON-CLONE
[725/10000] 2026-06-07 14:51:44 | InfixConverter/test_1_artifice_no_procyon vs bubblesort/test_0_orig_pg_krakatau → NON-CLONE
[726/10000] 2026-06-07 14:51:45 | InfixConverter/test_1_artifice_no_procyon vs bubblesort/test_0_orig_pg_procyon → NON-CLONE
[727/10000] 2026-06-07 14:51:46 | InfixConverter/test_1_artifice_no_procyon vs bubblesort/test_1_artifice_no_krakatau → NON-CLONE
[728/10000] 2026-06-07 14:51:47 | InfixConverter/test_1_artifice_no_procyon vs bubblesort/test_1_artifice_no_procyon → NON-CLONE
[729/10000] 2026-06-07 14:51:48 | InfixConverter/test_1_artifice_no_procyon vs bubblesort/test_1_artifice_pg_krakatau → NON-CLONE
[730/10000] 2026-06-07 14:51:49 | InfixConverter/test_1_artifice_no_procyon vs bubblesort/test_1_artifice_pg_procyon → NON-CLONE
[731/10000] 2026-06-07 14:51:50 | InfixConverter/test_1_artifice_no_procyon vs guessword/0_orig → NON-CLONE
[732/10000] 2026-06-07 14:51:52 | InfixConverter/test_1_artifice_no_procyon vs guessword/1_artifice → NON-CLONE
[733/10000] 2026-06-07 14:51:53 | InfixConverter/test_1_artifice_no_procyon vs guessword/test_0_orig_no_krakatau → NON-CLONE
[734/10000] 2026-06-07 14:51:54 | InfixConverter/test_1_artifice_no_procyon vs guessword/test_0_orig_no_procyon → NON-CLONE
[735/10000] 2026-06-07 14:51:56 | InfixConverter/test_1_artifice_no_procyon vs guessword/test_0_orig_pg_krakatau → NON-CLONE
[736/10000] 2026-06-07 14:51:57 | InfixConverter/test_1_artifice_no_procyon vs guessword/test_0_orig_pg_procyon → NON-CLONE
[737/10000] 2026-06-07 14:51:58 | InfixConverter/test_1_artifice_no_procyon vs guessword/test_1_artifice_no_krakatau → NON-CLONE
[738/10000] 2026-06-07 14:52:00 | InfixConverter/test_1_artifice_no_procyon vs guessword/test_1_artifice_no_procyon → NON-CLONE
[739/10000] 2026-06-07 14:52:01 | InfixConverter/test_1_artifice_no_procyon vs guessword/test_1_artifice_pg_krakatau → NON-CLONE
[740/10000] 2026-06-07 14:52:03 | InfixConverter/test_1_artifice_no_procyon vs guessword/test_1_artifice_pg_procyon → NON-CLONE
[741/10000] 2026-06-07 14:52:04 | InfixConverter/test_1_artifice_no_procyon vs hanoi/0_orig → NON-CLONE
[742/10000] 2026-06-07 14:52:06 | InfixConverter/test_1_artifice_no_procyon vs hanoi/1_artifice → NON-CLONE
[743/10000] 2026-06-07 14:52:07 | InfixConverter/test_1_artifice_no_procyon vs hanoi/test_0_orig_no_krakatau → NON-CLONE
[744/10000] 2026-06-07 14:52:09 | InfixConverter/test_1_artifice_no_procyon vs hanoi/test_0_orig_no_procyon → NON-CLONE
[745/10000] 2026-06-07 14:52:10 | InfixConverter/test_1_artifice_no_procyon vs hanoi/test_0_orig_pg_krakatau → NON-CLONE
[746/10000] 2026-06-07 14:52:12 | InfixConverter/test_1_artifice_no_procyon vs hanoi/test_0_orig_pg_procyon → NON-CLONE
[747/10000] 2026-06-07 14:52:13 | InfixConverter/test_1_artifice_no_procyon vs hanoi/test_1_artifice_no_krakatau → NON-CLONE
[748/10000] 2026-06-07 14:52:15 | InfixConverter/test_1_artifice_no_procyon vs hanoi/test_1_artifice_no_procyon → NON-CLONE
[749/10000] 2026-06-07 14:52:16 | InfixConverter/test_1_artifice_no_procyon vs hanoi/test_1_artifice_pg_krakatau → NON-CLONE
[750/10000] 2026-06-07 14:52:18 | InfixConverter/test_1_artifice_no_procyon vs hanoi/test_1_artifice_pg_procyon → NON-CLONE
[751/10000] 2026-06-07 14:52:19 | InfixConverter/test_1_artifice_no_procyon vs kaprekar/0_orig → NON-CLONE
[752/10000] 2026-06-07 14:52:21 | InfixConverter/test_1_artifice_no_procyon vs kaprekar/1_artifice → NON-CLONE
[753/10000] 2026-06-07 14:52:22 | InfixConverter/test_1_artifice_no_procyon vs kaprekar/test_0_orig_no_krakatau → NON-CLONE
[754/10000] 2026-06-07 14:52:23 | InfixConverter/test_1_artifice_no_procyon vs kaprekar/test_0_orig_no_procyon → NON-CLONE
[755/10000] 2026-06-07 14:52:24 | InfixConverter/test_1_artifice_no_procyon vs kaprekar/test_0_orig_pg_krakatau → NON-CLONE
[756/10000] 2026-06-07 14:52:26 | InfixConverter/test_1_artifice_no_procyon vs kaprekar/test_0_orig_pg_procyon → NON-CLONE
[757/10000] 2026-06-07 14:52:27 | InfixConverter/test_1_artifice_no_procyon vs kaprekar/test_1_artifice_no_krakatau → NON-CLONE
[758/10000] 2026-06-07 14:52:29 | InfixConverter/test_1_artifice_no_procyon vs kaprekar/test_1_artifice_no_procyon → NON-CLONE
[759/10000] 2026-06-07 14:52:30 | InfixConverter/test_1_artifice_no_procyon vs kaprekar/test_1_artifice_pg_krakatau → NON-CLONE
[760/10000] 2026-06-07 14:52:32 | InfixConverter/test_1_artifice_no_procyon vs kaprekar/test_1_artifice_pg_procyon → NON-CLONE
[761/10000] 2026-06-07 14:52:33 | InfixConverter/test_1_artifice_no_procyon vs queens/0_orig → NON-CLONE
[762/10000] 2026-06-07 14:52:34 | InfixConverter/test_1_artifice_no_procyon vs queens/1_artifice → NON-CLONE
[763/10000] 2026-06-07 14:52:35 | InfixConverter/test_1_artifice_no_procyon vs queens/test_0_orig_no_krakatau → NON-CLONE
[764/10000] 2026-06-07 14:52:36 | InfixConverter/test_1_artifice_no_procyon vs queens/test_0_orig_no_procyon → NON-CLONE
[765/10000] 2026-06-07 14:52:38 | InfixConverter/test_1_artifice_no_procyon vs queens/test_0_orig_pg_krakatau → NON-CLONE
[766/10000] 2026-06-07 14:52:39 | InfixConverter/test_1_artifice_no_procyon vs queens/test_0_orig_pg_procyon → NON-CLONE
[767/10000] 2026-06-07 14:52:40 | InfixConverter/test_1_artifice_no_procyon vs queens/test_1_artifice_no_krakatau → NON-CLONE
[768/10000] 2026-06-07 14:52:42 | InfixConverter/test_1_artifice_no_procyon vs queens/test_1_artifice_no_procyon → NON-CLONE
[769/10000] 2026-06-07 14:52:43 | InfixConverter/test_1_artifice_no_procyon vs queens/test_1_artifice_pg_krakatau → NON-CLONE
[770/10000] 2026-06-07 14:52:45 | InfixConverter/test_1_artifice_no_procyon vs queens/test_1_artifice_pg_procyon → NON-CLONE
[771/10000] 2026-06-07 14:52:46 | InfixConverter/test_1_artifice_no_procyon vs railroadcar/0_orig → NON-CLONE
[772/10000] 2026-06-07 14:52:47 | InfixConverter/test_1_artifice_no_procyon vs railroadcar/1_artifice → NON-CLONE
[773/10000] 2026-06-07 14:52:48 | InfixConverter/test_1_artifice_no_procyon vs railroadcar/test_0_orig_no_krakatau → NON-CLONE
[774/10000] 2026-06-07 14:52:50 | InfixConverter/test_1_artifice_no_procyon vs railroadcar/test_0_orig_no_procyon → NON-CLONE
[775/10000] 2026-06-07 14:52:51 | InfixConverter/test_1_artifice_no_procyon vs railroadcar/test_0_orig_pg_krakatau → NON-CLONE
[776/10000] 2026-06-07 14:52:53 | InfixConverter/test_1_artifice_no_procyon vs railroadcar/test_0_orig_pg_procyon → NON-CLONE
[777/10000] 2026-06-07 14:52:54 | InfixConverter/test_1_artifice_no_procyon vs railroadcar/test_1_artifice_no_krakatau → NON-CLONE
[778/10000] 2026-06-07 14:52:56 | InfixConverter/test_1_artifice_no_procyon vs railroadcar/test_1_artifice_no_procyon → NON-CLONE
[779/10000] 2026-06-07 14:52:57 | InfixConverter/test_1_artifice_no_procyon vs railroadcar/test_1_artifice_pg_krakatau → NON-CLONE
[780/10000] 2026-06-07 14:52:59 | InfixConverter/test_1_artifice_no_procyon vs railroadcar/test_1_artifice_pg_procyon → NON-CLONE
[781/10000] 2026-06-07 14:53:00 | InfixConverter/test_1_artifice_no_procyon vs slinkedlist/0_orig → NON-CLONE
[782/10000] 2026-06-07 14:53:01 | InfixConverter/test_1_artifice_no_procyon vs slinkedlist/1_artifice → NON-CLONE
[783/10000] 2026-06-07 14:53:03 | InfixConverter/test_1_artifice_no_procyon vs slinkedlist/test_0_orig_no_krakatau → NON-CLONE
[784/10000] 2026-06-07 14:53:04 | InfixConverter/test_1_artifice_no_procyon vs slinkedlist/test_0_orig_no_procyon → NON-CLONE
[785/10000] 2026-06-07 14:53:05 | InfixConverter/test_1_artifice_no_procyon vs slinkedlist/test_0_orig_pg_krakatau → NON-CLONE
[786/10000] 2026-06-07 14:53:06 | InfixConverter/test_1_artifice_no_procyon vs slinkedlist/test_0_orig_pg_procyon → NON-CLONE
[787/10000] 2026-06-07 14:53:07 | InfixConverter/test_1_artifice_no_procyon vs slinkedlist/test_1_artifice_no_krakatau → NON-CLONE
[788/10000] 2026-06-07 14:53:08 | InfixConverter/test_1_artifice_no_procyon vs slinkedlist/test_1_artifice_no_procyon → NON-CLONE
[789/10000] 2026-06-07 14:53:09 | InfixConverter/test_1_artifice_no_procyon vs slinkedlist/test_1_artifice_pg_krakatau → NON-CLONE
[790/10000] 2026-06-07 14:53:10 | InfixConverter/test_1_artifice_no_procyon vs slinkedlist/test_1_artifice_pg_procyon → NON-CLONE
[791/10000] 2026-06-07 14:53:12 | InfixConverter/test_1_artifice_no_procyon vs square/0_orig → NON-CLONE
[792/10000] 2026-06-07 14:53:13 | InfixConverter/test_1_artifice_no_procyon vs square/1_artifice → NON-CLONE
[793/10000] 2026-06-07 14:53:14 | InfixConverter/test_1_artifice_no_procyon vs square/test_0_orig_no_krakatau → NON-CLONE
[794/10000] 2026-06-07 14:53:15 | InfixConverter/test_1_artifice_no_procyon vs square/test_0_orig_no_procyon → NON-CLONE
[795/10000] 2026-06-07 14:53:17 | InfixConverter/test_1_artifice_no_procyon vs square/test_0_orig_pg_krakatau → NON-CLONE
[796/10000] 2026-06-07 14:53:18 | InfixConverter/test_1_artifice_no_procyon vs square/test_0_orig_pg_procyon → NON-CLONE
[797/10000] 2026-06-07 14:53:19 | InfixConverter/test_1_artifice_no_procyon vs square/test_1_artifice_no_krakatau → NON-CLONE
[798/10000] 2026-06-07 14:53:21 | InfixConverter/test_1_artifice_no_procyon vs square/test_1_artifice_no_procyon → NON-CLONE
[799/10000] 2026-06-07 14:53:22 | InfixConverter/test_1_artifice_no_procyon vs square/test_1_artifice_pg_krakatau → NON-CLONE
[800/10000] 2026-06-07 14:53:24 | InfixConverter/test_1_artifice_no_procyon vs square/test_1_artifice_pg_procyon → NON-CLONE
[801/10000] 2026-06-07 14:53:25 | InfixConverter/test_1_artifice_pg_krakatau vs InfixConverter/0_orig → CLONE
[802/10000] 2026-06-07 14:53:26 | InfixConverter/test_1_artifice_pg_krakatau vs InfixConverter/1_artifice → CLONE
[803/10000] 2026-06-07 14:53:27 | InfixConverter/test_1_artifice_pg_krakatau vs InfixConverter/test_0_orig_no_krakatau → CLONE
[804/10000] 2026-06-07 14:53:29 | InfixConverter/test_1_artifice_pg_krakatau vs InfixConverter/test_0_orig_no_procyon → CLONE
[805/10000] 2026-06-07 14:53:30 | InfixConverter/test_1_artifice_pg_krakatau vs InfixConverter/test_0_orig_pg_krakatau → CLONE
[806/10000] 2026-06-07 14:53:31 | InfixConverter/test_1_artifice_pg_krakatau vs InfixConverter/test_0_orig_pg_procyon → CLONE
[807/10000] 2026-06-07 14:53:32 | InfixConverter/test_1_artifice_pg_krakatau vs InfixConverter/test_1_artifice_no_krakatau → CLONE
[808/10000] 2026-06-07 14:53:34 | InfixConverter/test_1_artifice_pg_krakatau vs InfixConverter/test_1_artifice_no_procyon → CLONE
[809/10000] 2026-06-07 14:53:35 | InfixConverter/test_1_artifice_pg_krakatau vs InfixConverter/test_1_artifice_pg_krakatau → CLONE
[810/10000] 2026-06-07 14:53:36 | InfixConverter/test_1_artifice_pg_krakatau vs InfixConverter/test_1_artifice_pg_procyon → CLONE
[811/10000] 2026-06-07 14:53:38 | InfixConverter/test_1_artifice_pg_krakatau vs SqrtAlgorithm/0_orig → NON-CLONE
[812/10000] 2026-06-07 14:53:39 | InfixConverter/test_1_artifice_pg_krakatau vs SqrtAlgorithm/1_artifice → NON-CLONE
[813/10000] 2026-06-07 14:53:40 | InfixConverter/test_1_artifice_pg_krakatau vs SqrtAlgorithm/test_0_orig_no_krakatau → NON-CLONE
[814/10000] 2026-06-07 14:53:42 | InfixConverter/test_1_artifice_pg_krakatau vs SqrtAlgorithm/test_0_orig_no_procyon → NON-CLONE
[815/10000] 2026-06-07 14:53:43 | InfixConverter/test_1_artifice_pg_krakatau vs SqrtAlgorithm/test_0_orig_pg_krakatau → NON-CLONE
[816/10000] 2026-06-07 14:53:44 | InfixConverter/test_1_artifice_pg_krakatau vs SqrtAlgorithm/test_0_orig_pg_procyon → NON-CLONE
[817/10000] 2026-06-07 14:53:45 | InfixConverter/test_1_artifice_pg_krakatau vs SqrtAlgorithm/test_1_artifice_no_krakatau → NON-CLONE
[818/10000] 2026-06-07 14:53:47 | InfixConverter/test_1_artifice_pg_krakatau vs SqrtAlgorithm/test_1_artifice_no_procyon → NON-CLONE
[819/10000] 2026-06-07 14:53:48 | InfixConverter/test_1_artifice_pg_krakatau vs SqrtAlgorithm/test_1_artifice_pg_krakatau → NON-CLONE
[820/10000] 2026-06-07 14:53:49 | InfixConverter/test_1_artifice_pg_krakatau vs SqrtAlgorithm/test_1_artifice_pg_procyon → NON-CLONE
[821/10000] 2026-06-07 14:53:50 | InfixConverter/test_1_artifice_pg_krakatau vs bubblesort/0_orig → NON-CLONE
[822/10000] 2026-06-07 14:53:52 | InfixConverter/test_1_artifice_pg_krakatau vs bubblesort/1_artifice → NON-CLONE
[823/10000] 2026-06-07 14:53:53 | InfixConverter/test_1_artifice_pg_krakatau vs bubblesort/test_0_orig_no_krakatau → NON-CLONE
[824/10000] 2026-06-07 14:53:54 | InfixConverter/test_1_artifice_pg_krakatau vs bubblesort/test_0_orig_no_procyon → NON-CLONE
[825/10000] 2026-06-07 14:53:55 | InfixConverter/test_1_artifice_pg_krakatau vs bubblesort/test_0_orig_pg_krakatau → NON-CLONE
[826/10000] 2026-06-07 14:53:56 | InfixConverter/test_1_artifice_pg_krakatau vs bubblesort/test_0_orig_pg_procyon → NON-CLONE
[827/10000] 2026-06-07 14:53:57 | InfixConverter/test_1_artifice_pg_krakatau vs bubblesort/test_1_artifice_no_krakatau → NON-CLONE
[828/10000] 2026-06-07 14:53:58 | InfixConverter/test_1_artifice_pg_krakatau vs bubblesort/test_1_artifice_no_procyon → NON-CLONE
[829/10000] 2026-06-07 14:53:59 | InfixConverter/test_1_artifice_pg_krakatau vs bubblesort/test_1_artifice_pg_krakatau → NON-CLONE
[830/10000] 2026-06-07 14:54:00 | InfixConverter/test_1_artifice_pg_krakatau vs bubblesort/test_1_artifice_pg_procyon → NON-CLONE
[831/10000] 2026-06-07 14:54:01 | InfixConverter/test_1_artifice_pg_krakatau vs guessword/0_orig → NON-CLONE
[832/10000] 2026-06-07 14:54:02 | InfixConverter/test_1_artifice_pg_krakatau vs guessword/1_artifice → NON-CLONE
[833/10000] 2026-06-07 14:54:04 | InfixConverter/test_1_artifice_pg_krakatau vs guessword/test_0_orig_no_krakatau → NON-CLONE
[834/10000] 2026-06-07 14:54:05 | InfixConverter/test_1_artifice_pg_krakatau vs guessword/test_0_orig_no_procyon → NON-CLONE
[835/10000] 2026-06-07 14:54:07 | InfixConverter/test_1_artifice_pg_krakatau vs guessword/test_0_orig_pg_krakatau → NON-CLONE
[836/10000] 2026-06-07 14:54:08 | InfixConverter/test_1_artifice_pg_krakatau vs guessword/test_0_orig_pg_procyon → NON-CLONE
[837/10000] 2026-06-07 14:54:10 | InfixConverter/test_1_artifice_pg_krakatau vs guessword/test_1_artifice_no_krakatau → NON-CLONE
[838/10000] 2026-06-07 14:54:11 | InfixConverter/test_1_artifice_pg_krakatau vs guessword/test_1_artifice_no_procyon → NON-CLONE
[839/10000] 2026-06-07 14:54:12 | InfixConverter/test_1_artifice_pg_krakatau vs guessword/test_1_artifice_pg_krakatau → NON-CLONE
[840/10000] 2026-06-07 14:54:13 | InfixConverter/test_1_artifice_pg_krakatau vs guessword/test_1_artifice_pg_procyon → NON-CLONE
[841/10000] 2026-06-07 14:54:15 | InfixConverter/test_1_artifice_pg_krakatau vs hanoi/0_orig → NON-CLONE
[842/10000] 2026-06-07 14:54:16 | InfixConverter/test_1_artifice_pg_krakatau vs hanoi/1_artifice → NON-CLONE
